Command is:python main.py ./User_files/c_LCG.net ./User_files/c_LCG.csv >./User_files/c_LCG_run.log 2>&1
OS returns 0 from execution of command
For files ./Model_files/c_LCG_model.csv and ./User_files/c_LCG.csv filecmp returns same=False
			Detailed testing:
Working on 52 lines
Line length differs, model file line has 250 character while user file has 168
Line length differs, model file line has 250 character while user file has 50
Line 3 contains different number of floats, model has 21, user has 20
Line length differs, model file line has 251 character while user file has 211
Line 4 contains different number of floats, model has 21, user has 20
Line length differs, model file line has 251 character while user file has 219
Line 5 contains different number of floats, model has 21, user has 20
Line length differs, model file line has 251 character while user file has 219
Line 6 contains different number of floats, model has 21, user has 20
Line length differs, model file line has 251 character while user file has 219
Line 7 contains different number of floats, model has 21, user has 20
Line length differs, model file line has 251 character while user file has 219
Line 8 contains different number of floats, model has 21, user has 20
Line length differs, model file line has 251 character while user file has 219
Line 9 contains different number of floats, model has 21, user has 20
Line length differs, model file line has 251 character while user file has 219
Line 10 contains different number of floats, model has 21, user has 20
Line length differs, model file line has 251 character while user file has 219
Line 11 contains different number of floats, model has 21, user has 20
Line length differs, model file line has 251 character while user file has 219
Line 12 contains different number of floats, model has 21, user has 20
Line length differs, model file line has 251 character while user file has 219
Line 13 contains different number of floats, model has 21, user has 20
Line length differs, model file line has 251 character while user file has 219
Line 14 contains different number of floats, model has 21, user has 20
Line length differs, model file line has 251 character while user file has 219
Line 15 contains different number of floats, model has 21, user has 20
Line length differs, model file line has 251 character while user file has 219
Line 16 contains different number of floats, model has 21, user has 20
Line length differs, model file line has 251 character while user file has 219
Line 17 contains different number of floats, model has 21, user has 20
Line length differs, model file line has 251 character while user file has 219
Line 18 contains different number of floats, model has 21, user has 20
Line length differs, model file line has 251 character while user file has 218
Line 19 contains different number of floats, model has 21, user has 20
Line length differs, model file line has 251 character while user file has 219
Line 20 contains different number of floats, model has 21, user has 20
Line length differs, model file line has 251 character while user file has 219
Line 21 contains different number of floats, model has 21, user has 20
Line length differs, model file line has 251 character while user file has 219
Line 22 contains different number of floats, model has 21, user has 20
Line length differs, model file line has 251 character while user file has 219
Line 23 contains different number of floats, model has 21, user has 20
Line length differs, model file line has 251 character while user file has 219
Line 24 contains different number of floats, model has 21, user has 20
Line length differs, model file line has 251 character while user file has 219
Line 25 contains different number of floats, model has 21, user has 20
Line length differs, model file line has 251 character while user file has 219
Line 26 contains different number of floats, model has 21, user has 20
Line length differs, model file line has 251 character while user file has 219
Line 27 contains different number of floats, model has 21, user has 20
Line length differs, model file line has 251 character while user file has 219
Line 28 contains different number of floats, model has 21, user has 20
Line length differs, model file line has 251 character while user file has 219
Line 29 contains different number of floats, model has 21, user has 20
Line length differs, model file line has 251 character while user file has 219
Line 30 contains different number of floats, model has 21, user has 20
Line length differs, model file line has 251 character while user file has 219
Line 31 contains different number of floats, model has 21, user has 20
Line length differs, model file line has 251 character while user file has 219
Line 32 contains different number of floats, model has 21, user has 20
Line length differs, model file line has 251 character while user file has 219
Line 33 contains different number of floats, model has 21, user has 20
Line length differs, model file line has 251 character while user file has 219
Line 34 contains different number of floats, model has 21, user has 20
Line length differs, model file line has 251 character while user file has 218
Line 35 contains different number of floats, model has 21, user has 20
Line length differs, model file line has 251 character while user file has 219
Line 36 contains different number of floats, model has 21, user has 20
Line length differs, model file line has 251 character while user file has 219
Line 37 contains different number of floats, model has 21, user has 20
Line length differs, model file line has 251 character while user file has 219
Line 38 contains different number of floats, model has 21, user has 20
Line length differs, model file line has 251 character while user file has 219
Line 39 contains different number of floats, model has 21, user has 20
Line length differs, model file line has 251 character while user file has 219
Line 40 contains different number of floats, model has 21, user has 20
Line length differs, model file line has 251 character while user file has 219
Line 41 contains different number of floats, model has 21, user has 20
Line length differs, model file line has 251 character while user file has 219
Line 42 contains different number of floats, model has 21, user has 20
Line length differs, model file line has 251 character while user file has 219
Line 43 contains different number of floats, model has 21, user has 20
Line length differs, model file line has 251 character while user file has 219
Line 44 contains different number of floats, model has 21, user has 20
Line length differs, model file line has 251 character while user file has 219
Line 45 contains different number of floats, model has 21, user has 20
Line length differs, model file line has 251 character while user file has 219
Line 46 contains different number of floats, model has 21, user has 20
Line length differs, model file line has 251 character while user file has 219
Line 47 contains different number of floats, model has 21, user has 20
Line length differs, model file line has 251 character while user file has 219
Line 48 contains different number of floats, model has 21, user has 20
Line length differs, model file line has 251 character while user file has 218
Line 49 contains different number of floats, model has 21, user has 20
Line length differs, model file line has 251 character while user file has 219
Line 50 contains different number of floats, model has 21, user has 20
Line length differs, model file line has 251 character while user file has 219
Line 51 contains different number of floats, model has 21, user has 20
Line length differs, model file line has 251 character while user file has 219
Line 52 contains different number of floats, model has 21, user has 20
Line length differs, model file line has 251 character while user file has 219
