<CIRCUIT>
n1=1 n2=2 L=7.08e-06 
n1=2 n2=0 C=7.94e-09 
n1=2 n2=3 L=2.868e-05 
n1=3 n2=0 C=1.273e-08 
n1=3 n2=4 L=2.868e-05 
n1=4 n2=0 C=7.94e-09 
n1=4 n2=5 L=7.08e-06 
</CIRCUIT>

<TERMS>
VT=5
RS=50
RL=50
Fstart=10.0
Fend=10e+6
Nfreqs=50
</TERMS>

<OUTPUT>
Vin V
Vout V
Av 
Iin A
Iout A
Ai 
Zin Ohms
Zout Ohms
Pin W
Pout W
</OUTPUT>

Sorted components:
n1=1 n2=2 L=7.08e-06
n1=2 n2=0 C=7.94e-09
n1=2 n2=3 L=2.868e-05
n1=3 n2=0 C=1.273e-08
n1=3 n2=4 L=2.868e-05
n1=4 n2=0 C=7.94e-09
n1=4 n2=5 L=7.08e-06
