Command is:python main.py ./User_files/d_LPF_Bess350.net ./User_files/d_LPF_Bess350.csv >./User_files/d_LPF_Bess350_run.log 2>&1
OS returns 0 from execution of command
For files ./Model_files/d_LPF_Bess350_model.csv and ./User_files/d_LPF_Bess350.csv filecmp returns same=False
			Detailed testing:
Working on 52 lines
Line 1 is OK
Line 2 is OK
Line 3 is OK
Line 4 is OK
Line 5 is OK
Line 6 is OK
Line 7 is OK
Line 8 is OK
Line 9 is OK
Line 10 is OK
Line 11 is OK
Line 12 is OK
Line 13 is OK
Line 14 is OK
Line 15 variable 20 differs, model=0, user=-1.08e-16
Error found in line 15 from character 240
L1=< 2.449e+06,  1.626e+00, -2.342e+00, -3.636e-02,  4.304e-02, -1.967e-02, -1.863e-03,  6.747e-02,  4.683e-02, -7.272e-04,  8.608e-04, -1.297e-03,  1.366e-02,  9.411e-03, -3.471e+01,  6.407e-03, -4.743e+00,  6.348e-05, -2.342e-01,  6.348e-05,  0.000e+00,>
----------------------------------------------------------------------------------------------------------------------------------------------------------------------------------------------------------------------------------------------------^
L2=< 2.449e+06,  1.626e+00, -2.342e+00, -3.636e-02,  4.304e-02, -1.967e-02, -1.863e-03,  6.747e-02,  4.683e-02, -7.272e-04,  8.608e-04, -1.297e-03,  1.366e-02,  9.411e-03, -3.471e+01,  6.407e-03, -4.743e+00,  6.348e-05, -2.342e-01,  6.348e-05, -1.080e-16,>
----------------------------------------------------------------------------------------------------------------------------------------------------------------------------------------------------------------------------------------------------^
Line 16 is OK
Line 17 is OK
Line 18 variable 20 differs, model=0, user=-1.019e-16
Error found in line 18 from character 240
L1=< 3.061e+06,  1.087e+00, -2.062e+00, -1.557e-02,  2.484e-02, -1.254e-02, -9.433e-04,  7.827e-02,  4.124e-02, -3.115e-04,  4.967e-04, -4.976e-04,  6.609e-03,  2.196e-03, -2.635e+01,  1.729e-03, -3.764e+00,  1.719e-05, -2.062e-01,  1.719e-05,  0.000e+00,>
----------------------------------------------------------------------------------------------------------------------------------------------------------------------------------------------------------------------------------------------------^
L2=< 3.061e+06,  1.087e+00, -2.062e+00, -1.557e-02,  2.484e-02, -1.254e-02, -9.433e-04,  7.827e-02,  4.124e-02, -3.115e-04,  4.967e-04, -4.976e-04,  6.609e-03,  2.196e-03, -2.635e+01,  1.729e-03, -3.764e+00,  1.719e-05, -2.062e-01,  1.719e-05, -1.019e-16,>
----------------------------------------------------------------------------------------------------------------------------------------------------------------------------------------------------------------------------------------------------^
Line 19 is OK
Line 20 is OK
Line 21 is OK
Line 22 is OK
Line 23 is OK
Line 24 is OK
Line 25 is OK
Line 26 is OK
Line 27 is OK
Line 28 is OK
Line 29 is OK
Line 30 is OK
Line 31 is OK
Line 32 is OK
Line 33 is OK
Line 34 is OK
Line 35 is OK
Line 36 is OK
Line 37 is OK
Line 38 is OK
Line 39 is OK
Line 40 is OK
Line 41 is OK
Line 42 is OK
Line 43 is OK
Line 44 is OK
Line 45 is OK
Line 46 is OK
Line 47 is OK
Line 48 is OK
Line 49 is OK
Line 50 is OK
Line 51 is OK
Line 52 is OK
