Command is:python main.py ./User_files/d_LPF_B750.net ./User_files/d_LPF_B750.csv >./User_files/d_LPF_B750_run.log 2>&1
OS returns 0 from execution of command
For files ./Model_files/d_LPF_B750_model.csv and ./User_files/d_LPF_B750.csv filecmp returns same=False
			Detailed testing:
Working on 52 lines
Line 1 is OK
Line 2 is OK
Line 3 variable 2 differs, model=-7.854e-09, user=1.112e-05
Line 3 variable 4 differs, model=-0.0002247, user=-1.112e-05
Line 3 variable 6 differs, model=-8.987e-05, user=-8.897e-06
Line 3 variable 8 differs, model=1.571e-10, user=-2.224e-07
Line 3 variable 10 differs, model=-4.494e-06, user=-2.224e-07
Line 3 variable 12 differs, model=-8.988e-05, user=0
Line 3 variable 14 differs, model=-3.142e-07, user=0.0004448
Line 3 variable 16 differs, model=-3.142e-07, user=0.0004448
Line 3 variable 18 differs, model=-7.854e-10, user=1.112e-06
Error found in line 3 from character 24
L1=< 1.000e+01,  2.500e+00, -7.854e-09,  2.500e+00, -2.247e-04,  1.000e+00, -8.987e-05,  5.000e-02,  1.571e-10,  5.000e-02, -4.494e-06,  1.000e+00, -8.988e-05,  5.000e+01, -3.142e-07,  5.000e+01, -3.142e-07,  1.250e-01, -7.854e-10,  1.250e-01,  0.000e+00,>
----------------------------^
L2=< 1.000e+01,  2.500e+00,  1.112e-05,  2.500e+00, -1.112e-05,  1.000e+00, -8.897e-06,  5.000e-02, -2.224e-07,  5.000e-02, -2.224e-07,  1.000e+00,  0.000e+00,  5.000e+01,  4.448e-04,  5.000e+01,  4.448e-04,  1.250e-01,  1.112e-06,  1.250e-01, -2.118e-22,>
----------------------------^
Line 4 variable 1 differs, model=2.496, user=2.52
Line 4 variable 2 differs, model=0.001313, user=0.2251
Line 4 variable 3 differs, model=-0.7453, user=2.48
Line 4 variable 4 differs, model=-2.386, user=-0.2251
Line 4 variable 5 differs, model=-0.2991, user=0.9681
Line 4 variable 6 differs, model=-0.956, user=-0.1758
Line 4 variable 7 differs, model=0.05008, user=0.04959
Line 4 variable 8 differs, model=-2.626e-05, user=-0.004502
Line 4 variable 9 differs, model=-0.01491, user=0.04959
Line 4 variable 10 differs, model=-0.04773, user=-0.004502
Line 4 variable 11 differs, model=-0.2971, user=1
Line 4 variable 12 differs, model=-0.9531, user=0
Line 4 variable 13 differs, model=49.83, user=50
Line 4 variable 14 differs, model=0.05233, user=9.079
Line 4 variable 15 differs, model=49.83, user=50
Line 4 variable 16 differs, model=0.05233, user=9.079
Line 4 variable 17 differs, model=0.125, user=0.124
Line 4 variable 18 differs, model=0.0001313, user=0.02251
Line 4 variable 19 differs, model=0.125, user=0.124
Error found in line 4 from character 15
L1=< 2.041e+05,  2.496e+00,  1.313e-03, -7.453e-01, -2.386e+00, -2.991e-01, -9.560e-01,  5.008e-02, -2.626e-05, -1.491e-02, -4.773e-02, -2.971e-01, -9.531e-01,  4.983e+01,  5.233e-02,  4.983e+01,  5.233e-02,  1.250e-01,  1.313e-04,  1.250e-01,  0.000e+00,>
-------------------^
L2=< 2.041e+05,  2.520e+00,  2.251e-01,  2.480e+00, -2.251e-01,  9.681e-01, -1.758e-01,  4.959e-02, -4.502e-03,  4.959e-02, -4.502e-03,  1.000e+00,  0.000e+00,  5.000e+01,  9.079e+00,  5.000e+01,  9.079e+00,  1.240e-01,  2.251e-02,  1.240e-01,  0.000e+00,>
-------------------^
Line 5 variable 1 differs, model=2.984, user=2.58
Line 5 variable 2 differs, model=0.3298, user=0.4395
Line 5 variable 3 differs, model=-1.368, user=2.42
Line 5 variable 4 differs, model=2.009, user=-0.4395
Line 5 variable 5 differs, model=-0.3794, user=0.8835
Line 5 variable 6 differs, model=0.7151, user=-0.3208
Line 5 variable 7 differs, model=0.04032, user=0.0484
Line 5 variable 8 differs, model=-0.006595, user=-0.008789
Line 5 variable 9 differs, model=-0.02736, user=0.0484
Line 5 variable 10 differs, model=0.04018, user=-0.008789
Line 5 variable 11 differs, model=-0.8198, user=1
Line 5 variable 12 differs, model=0.8624, user=0
Line 5 variable 13 differs, model=70.79, user=50
Line 5 variable 14 differs, model=19.76, user=18.16
Line 5 variable 15 differs, model=70.79, user=50
Line 5 variable 16 differs, model=19.76, user=18.16
Line 5 variable 17 differs, model=0.1181, user=0.121
Line 5 variable 18 differs, model=0.03298, user=0.04395
Line 5 variable 19 differs, model=0.1181, user=0.121
Error found in line 5 from character 15
L1=< 4.082e+05,  2.984e+00,  3.298e-01, -1.368e+00,  2.009e+00, -3.794e-01,  7.151e-01,  4.032e-02, -6.595e-03, -2.736e-02,  4.018e-02, -8.198e-01,  8.624e-01,  7.079e+01,  1.976e+01,  7.079e+01,  1.976e+01,  1.181e-01,  3.298e-02,  1.181e-01,  0.000e+00,>
-------------------^
L2=< 4.082e+05,  2.580e+00,  4.395e-01,  2.420e+00, -4.395e-01,  8.835e-01, -3.208e-01,  4.840e-02, -8.789e-03,  4.840e-02, -8.789e-03,  1.000e+00,  0.000e+00,  5.000e+01,  1.816e+01,  5.000e+01,  1.816e+01,  1.210e-01,  4.395e-02,  1.210e-01,  3.469e-18,>
-------------------^
Line 6 variable 1 differs, model=1.136, user=2.673
Line 6 variable 2 differs, model=-2.011, user=0.6339
Line 6 variable 3 differs, model=0.487, user=2.327
Line 6 variable 4 differs, model=-0.3302, user=-0.6339
Line 6 variable 5 differs, model=0.2282, user=0.7712
Line 6 variable 6 differs, model=0.1132, user=-0.4201
Line 6 variable 7 differs, model=0.07727, user=0.04655
Line 6 variable 8 differs, model=0.04022, user=-0.01268
Line 6 variable 9 differs, model=0.00974, user=0.04655
Line 6 variable 10 differs, model=-0.006604, user=-0.01268
Line 6 variable 11 differs, model=0.06418, user=1
Line 6 variable 12 differs, model=-0.1189, user=0
Line 6 variable 13 differs, model=0.9125, user=50
Line 6 variable 14 differs, model=-26.5, user=27.24
Line 6 variable 15 differs, model=0.9125, user=50
Line 6 variable 16 differs, model=-26.5, user=27.24
Line 6 variable 17 differs, model=0.006924, user=0.1164
Line 6 variable 18 differs, model=-0.2011, user=0.06339
Line 6 variable 19 differs, model=0.006924, user=0.1164
Error found in line 6 from character 13
L1=< 6.123e+05,  1.136e+00, -2.011e+00,  4.870e-01, -3.302e-01,  2.282e-01,  1.132e-01,  7.727e-02,  4.022e-02,  9.740e-03, -6.604e-03,  6.418e-02, -1.189e-01,  9.125e-01, -2.650e+01,  9.125e-01, -2.650e+01,  6.924e-03, -2.011e-01,  6.924e-03,  0.000e+00,>
-----------------^
L2=< 6.123e+05,  2.673e+00,  6.339e-01,  2.327e+00, -6.339e-01,  7.712e-01, -4.201e-01,  4.655e-02, -1.268e-02,  4.655e-02, -1.268e-02,  1.000e+00,  0.000e+00,  5.000e+01,  2.724e+01,  5.000e+01,  2.724e+01,  1.164e-01,  6.339e-02,  1.164e-01,  6.939e-18,>
-----------------^
Line 7 variable 1 differs, model=0.07269, user=2.791
Line 7 variable 2 differs, model=0.593, user=0.8021
Line 7 variable 3 differs, model=-0.01917, user=2.209
Line 7 variable 4 differs, model=-0.07847, user=-0.8021
Line 7 variable 5 differs, model=-0.1343, user=0.6547
Line 7 variable 6 differs, model=0.01587, user=-0.4755
Line 7 variable 7 differs, model=0.09855, user=0.04417
Line 7 variable 8 differs, model=-0.01186, user=-0.01604
Line 7 variable 9 differs, model=-0.0003834, user=0.04417
Line 7 variable 10 differs, model=-0.001569, user=-0.01604
Line 7 variable 11 differs, model=-0.001946, user=1
Line 7 variable 12 differs, model=-0.01616, user=0
Line 7 variable 13 differs, model=0.01325, user=50
Line 7 variable 14 differs, model=6.019, user=36.31
Line 7 variable 15 differs, model=0.01325, user=50
Line 7 variable 16 differs, model=6.019, user=36.31
Line 7 variable 17 differs, model=0.0001305, user=0.1104
Line 7 variable 18 differs, model=0.0593, user=0.08021
Line 7 variable 19 differs, model=0.0001305, user=0.1104
Error found in line 7 from character 13
L1=< 8.163e+05,  7.269e-02,  5.930e-01, -1.917e-02, -7.847e-02, -1.343e-01,  1.587e-02,  9.855e-02, -1.186e-02, -3.834e-04, -1.569e-03, -1.946e-03, -1.616e-02,  1.325e-02,  6.019e+00,  1.325e-02,  6.019e+00,  1.305e-04,  5.930e-02,  1.305e-04,  3.388e-21,>
-----------------^
L2=< 8.163e+05,  2.791e+00,  8.021e-01,  2.209e+00, -8.021e-01,  6.547e-01, -4.755e-01,  4.417e-02, -1.604e-02,  4.417e-02, -1.604e-02,  1.000e+00,  0.000e+00,  5.000e+01,  3.631e+01,  5.000e+01,  3.631e+01,  1.104e-01,  8.021e-02,  1.104e-01,  2.082e-17,>
-----------------^
Line 8 variable 1 differs, model=0.8854, user=2.927
Line 8 variable 2 differs, model=1.909, user=0.9409
Line 8 variable 3 differs, model=-0.01294, user=2.073
Line 8 variable 4 differs, model=-0.01095, user=-0.9409
Line 8 variable 5 differs, model=-0.007309, user=0.5482
Line 8 variable 6 differs, model=0.00339, user=-0.4977
Line 8 variable 7 differs, model=0.08229, user=0.04146
Line 8 variable 8 differs, model=-0.03817, user=-0.01882
Line 8 variable 9 differs, model=-0.0002589, user=0.04146
Line 8 variable 10 differs, model=-0.000219, user=-0.01882
Line 8 variable 11 differs, model=-0.001573, user=1
Line 8 variable 12 differs, model=-0.003391, user=0
Line 8 variable 13 differs, model=0.0006985, user=50
Line 8 variable 14 differs, model=23.19, user=45.39
Line 8 variable 15 differs, model=0.0006985, user=50
Line 8 variable 16 differs, model=23.19, user=45.39
Line 8 variable 17 differs, model=5.748e-06, user=0.1036
Line 8 variable 18 differs, model=0.1909, user=0.09409
Line 8 variable 19 differs, model=5.748e-06, user=0.1036
Error found in line 8 from character 13
L1=< 1.020e+06,  8.854e-01,  1.909e+00, -1.294e-02, -1.095e-02, -7.309e-03,  3.390e-03,  8.229e-02, -3.817e-02, -2.589e-04, -2.190e-04, -1.573e-03, -3.391e-03,  6.985e-04,  2.319e+01,  6.985e-04,  2.319e+01,  5.748e-06,  1.909e-01,  5.748e-06,  0.000e+00,>
-----------------^
L2=< 1.020e+06,  2.927e+00,  9.409e-01,  2.073e+00, -9.409e-01,  5.482e-01, -4.977e-01,  4.146e-02, -1.882e-02,  4.146e-02, -1.882e-02,  1.000e+00,  0.000e+00,  5.000e+01,  4.539e+01,  5.000e+01,  4.539e+01,  1.036e-01,  9.409e-02,  1.036e-01,  0.000e+00,>
-----------------^
Line 9 variable 1 differs, model=1.752, user=3.072
Line 9 variable 2 differs, model=2.385, user=1.05
Line 9 variable 3 differs, model=-0.004515, user=1.928
Line 9 variable 4 differs, model=-0.001416, user=-1.05
Line 9 variable 5 differs, model=-0.001289, user=0.4573
Line 9 variable 6 differs, model=0.0009464, user=-0.4982
Line 9 variable 7 differs, model=0.06497, user=0.03856
Line 9 variable 8 differs, model=-0.04771, user=-0.021
Line 9 variable 9 differs, model=-9.03e-05, user=0.03856
Line 9 variable 10 differs, model=-2.833e-05, user=-0.021
Line 9 variable 11 differs, model=-0.000695, user=1
Line 9 variable 12 differs, model=-0.0009464, user=0
Line 9 variable 13 differs, model=6.894e-05, user=50
Line 9 variable 14 differs, model=36.72, user=54.47
Line 9 variable 15 differs, model=6.894e-05, user=50
Line 9 variable 16 differs, model=36.72, user=54.47
Line 9 variable 17 differs, model=4.479e-07, user=0.0964
Line 9 variable 18 differs, model=0.2385, user=0.105
Line 9 variable 19 differs, model=4.479e-07, user=0.0964
Error found in line 9 from character 13
L1=< 1.224e+06,  1.752e+00,  2.385e+00, -4.515e-03, -1.416e-03, -1.289e-03,  9.464e-04,  6.497e-02, -4.771e-02, -9.030e-05, -2.833e-05, -6.950e-04, -9.464e-04,  6.894e-05,  3.672e+01,  6.894e-05,  3.672e+01,  4.479e-07,  2.385e-01,  4.479e-07,  5.294e-23,>
-----------------^
L2=< 1.224e+06,  3.072e+00,  1.050e+00,  1.928e+00, -1.050e+00,  4.573e-01, -4.982e-01,  3.856e-02, -2.100e-02,  3.856e-02, -2.100e-02,  1.000e+00,  0.000e+00,  5.000e+01,  5.447e+01,  5.000e+01,  5.447e+01,  9.640e-02,  1.050e-01,  9.640e-02,  6.939e-18,>
-----------------^
Line 10 variable 1 differs, model=2.433, user=3.219
Line 10 variable 2 differs, model=2.499, user=1.132
Line 10 variable 3 differs, model=-0.001608, user=1.781
Line 10 variable 4 differs, model=-4.307e-05, user=-1.132
Line 10 variable 5 differs, model=-0.0003305, user=0.3823
Line 10 variable 6 differs, model=0.0003217, user=-0.486
Line 10 variable 7 differs, model=0.05134, user=0.03562
Line 10 variable 8 differs, model=-0.04998, user=-0.02263
Line 10 variable 9 differs, model=-3.216e-05, user=0.03562
Line 10 variable 10 differs, model=-8.613e-07, user=-0.02263
Line 10 variable 11 differs, model=-0.0003132, user=1
Line 10 variable 12 differs, model=-0.0003217, user=0
Line 10 variable 13 differs, model=1.008e-05, user=50
Line 10 variable 14 differs, model=48.68, user=63.55
Line 10 variable 15 differs, model=1.008e-05, user=50
Line 10 variable 16 differs, model=48.68, user=63.55
Line 10 variable 17 differs, model=5.176e-08, user=0.08904
Line 10 variable 18 differs, model=0.2499, user=0.1132
Line 10 variable 19 differs, model=5.176e-08, user=0.08904
Error found in line 10 from character 13
L1=< 1.429e+06,  2.433e+00,  2.499e+00, -1.608e-03, -4.307e-05, -3.305e-04,  3.217e-04,  5.134e-02, -4.998e-02, -3.216e-05, -8.613e-07, -3.132e-04, -3.217e-04,  1.008e-05,  4.868e+01,  1.008e-05,  4.868e+01,  5.176e-08,  2.499e-01,  5.176e-08, -4.136e-25,>
-----------------^
L2=< 1.429e+06,  3.219e+00,  1.132e+00,  1.781e+00, -1.132e+00,  3.823e-01, -4.860e-01,  3.562e-02, -2.263e-02,  3.562e-02, -2.263e-02,  1.000e+00,  0.000e+00,  5.000e+01,  6.355e+01,  5.000e+01,  6.355e+01,  8.904e-02,  1.132e-01,  8.904e-02,  0.000e+00,>
-----------------^
Line 11 variable 1 differs, model=2.943, user=3.363
Line 11 variable 2 differs, model=2.46, user=1.189
Line 11 variable 3 differs, model=-0.0006218, user=1.637
Line 11 variable 4 differs, model=0.0001119, user=-1.189
Line 11 variable 5 differs, model=-0.0001056, user=0.3215
Line 11 variable 6 differs, model=0.0001264, user=-0.4671
Line 11 variable 7 differs, model=0.04114, user=0.03273
Line 11 variable 8 differs, model=-0.04921, user=-0.02377
Line 11 variable 9 differs, model=-1.244e-05, user=0.03273
Line 11 variable 10 differs, model=2.238e-06, user=-0.02377
Line 11 variable 11 differs, model=-0.0001511, user=1
Line 11 variable 12 differs, model=-0.0001264, user=-6.939e-17
Line 11 variable 13 differs, model=1.94e-06, user=50
Line 11 variable 14 differs, model=59.8, user=72.63
Line 11 variable 15 differs, model=1.94e-06, user=50
Line 11 variable 16 differs, model=59.8, user=72.63
Line 11 variable 17 differs, model=7.983e-09, user=0.08183
Line 11 variable 18 differs, model=0.246, user=0.1189
Line 11 variable 19 differs, model=7.983e-09, user=0.08183
Error found in line 11 from character 13
L1=< 1.633e+06,  2.943e+00,  2.460e+00, -6.218e-04,  1.119e-04, -1.056e-04,  1.264e-04,  4.114e-02, -4.921e-02, -1.244e-05,  2.238e-06, -1.511e-04, -1.264e-04,  1.940e-06,  5.980e+01,  1.940e-06,  5.980e+01,  7.983e-09,  2.460e-01,  7.983e-09, -2.068e-25,>
-----------------^
L2=< 1.633e+06,  3.363e+00,  1.189e+00,  1.637e+00, -1.189e+00,  3.215e-01, -4.671e-01,  3.273e-02, -2.377e-02,  3.273e-02, -2.377e-02,  1.000e+00, -6.939e-17,  5.000e+01,  7.263e+01,  5.000e+01,  7.263e+01,  8.183e-02,  1.189e-01,  8.183e-02,  1.388e-17,>
-----------------^
Line 12 variable 1 differs, model=3.324, user=3.501
Line 12 variable 2 differs, model=2.36, user=1.225
Line 12 variable 3 differs, model=-0.0002616, user=1.499
Line 12 variable 4 differs, model=9.131e-05, user=-1.225
Line 12 variable 5 differs, model=-3.934e-05, user=0.2724
Line 12 variable 6 differs, model=5.541e-05, user=-0.4452
Line 12 variable 7 differs, model=0.03352, user=0.02998
Line 12 variable 8 differs, model=-0.04721, user=-0.0245
Line 12 variable 9 differs, model=-5.231e-06, user=0.02998
Line 12 variable 10 differs, model=1.826e-06, user=-0.0245
Line 12 variable 11 differs, model=-7.803e-05, user=1
Line 12 variable 12 differs, model=-5.541e-05, user=0
Line 12 variable 13 differs, model=4.579e-07, user=50
Line 12 variable 14 differs, model=70.41, user=81.71
Line 12 variable 15 differs, model=4.579e-07, user=50
Line 12 variable 16 differs, model=70.41, user=81.71
Line 12 variable 17 differs, model=1.535e-09, user=0.07496
Line 12 variable 18 differs, model=0.236, user=0.1225
Line 12 variable 19 differs, model=1.535e-09, user=0.07496
Error found in line 12 from character 15
L1=< 1.837e+06,  3.324e+00,  2.360e+00, -2.616e-04,  9.131e-05, -3.934e-05,  5.541e-05,  3.352e-02, -4.721e-02, -5.231e-06,  1.826e-06, -7.803e-05, -5.541e-05,  4.579e-07,  7.041e+01,  4.579e-07,  7.041e+01,  1.535e-09,  2.360e-01,  1.535e-09,  1.034e-25,>
-------------------^
L2=< 1.837e+06,  3.501e+00,  1.225e+00,  1.499e+00, -1.225e+00,  2.724e-01, -4.452e-01,  2.998e-02, -2.450e-02,  2.998e-02, -2.450e-02,  1.000e+00,  0.000e+00,  5.000e+01,  8.171e+01,  5.000e+01,  8.171e+01,  7.496e-02,  1.225e-01,  7.496e-02,  6.939e-18,>
-------------------^
Line 13 variable 1 differs, model=3.613, user=3.63
Line 13 variable 2 differs, model=2.239, user=1.244
Line 13 variable 3 differs, model=-0.0001187, user=1.37
Line 13 variable 4 differs, model=5.898e-05, user=-1.244
Line 13 variable 5 differs, model=-1.642e-05, user=0.2327
Line 13 variable 6 differs, model=2.65e-05, user=-0.4226
Line 13 variable 7 differs, model=0.02774, user=0.02741
Line 13 variable 8 differs, model=-0.04477, user=-0.02488
Line 13 variable 9 differs, model=-2.373e-06, user=0.02741
Line 13 variable 10 differs, model=1.18e-06, user=-0.02488
Line 13 variable 11 differs, model=-4.277e-05, user=1
Line 13 variable 12 differs, model=-2.65e-05, user=0
Line 13 variable 13 differs, model=1.266e-07, user=50
Line 13 variable 14 differs, model=80.69, user=90.79
Line 13 variable 15 differs, model=1.266e-07, user=50
Line 13 variable 16 differs, model=80.69, user=90.79
Line 13 variable 17 differs, model=3.512e-10, user=0.06852
Line 13 variable 18 differs, model=0.2239, user=0.1244
Line 13 variable 19 differs, model=3.512e-10, user=0.06852
Error found in line 13 from character 16
L1=< 2.041e+06,  3.613e+00,  2.239e+00, -1.187e-04,  5.898e-05, -1.642e-05,  2.650e-05,  2.774e-02, -4.477e-02, -2.373e-06,  1.180e-06, -4.277e-05, -2.650e-05,  1.266e-07,  8.069e+01,  1.266e-07,  8.069e+01,  3.512e-10,  2.239e-01,  3.512e-10,  2.585e-26,>
--------------------^
L2=< 2.041e+06,  3.630e+00,  1.244e+00,  1.370e+00, -1.244e+00,  2.327e-01, -4.226e-01,  2.741e-02, -2.488e-02,  2.741e-02, -2.488e-02,  1.000e+00,  0.000e+00,  5.000e+01,  9.079e+01,  5.000e+01,  9.079e+01,  6.852e-02,  1.244e-01,  6.852e-02, -6.939e-18,>
--------------------^
Line 14 variable 1 differs, model=3.835, user=3.748
Line 14 variable 2 differs, model=2.114, user=1.25
Line 14 variable 3 differs, model=-5.749e-05, user=1.252
Line 14 variable 4 differs, model=3.632e-05, user=-1.25
Line 14 variable 5 differs, model=-7.495e-06, user=0.2004
Line 14 variable 6 differs, model=1.36e-05, user=-0.4003
Line 14 variable 7 differs, model=0.02329, user=0.02503
Line 14 variable 8 differs, model=-0.04227, user=-0.025
Line 14 variable 9 differs, model=-1.15e-06, user=0.02503
Line 14 variable 10 differs, model=7.264e-07, user=-0.025
Line 14 variable 11 differs, model=-2.468e-05, user=1
Line 14 variable 12 differs, model=-1.36e-05, user=0
Line 14 variable 13 differs, model=3.97e-08, user=50
Line 14 variable 14 differs, model=90.73, user=99.86
Line 14 variable 15 differs, model=3.97e-08, user=50
Line 14 variable 16 differs, model=90.73, user=99.86
Line 14 variable 17 differs, model=9.249e-11, user=0.06258
Line 14 variable 18 differs, model=0.2114, user=0.125
Line 14 variable 19 differs, model=9.249e-11, user=0.06258
Error found in line 14 from character 15
L1=< 2.245e+06,  3.835e+00,  2.114e+00, -5.749e-05,  3.632e-05, -7.495e-06,  1.360e-05,  2.329e-02, -4.227e-02, -1.150e-06,  7.264e-07, -2.468e-05, -1.360e-05,  3.970e-08,  9.073e+01,  3.970e-08,  9.073e+01,  9.249e-11,  2.114e-01,  9.249e-11,  0.000e+00,>
-------------------^
L2=< 2.245e+06,  3.748e+00,  1.250e+00,  1.252e+00, -1.250e+00,  2.004e-01, -4.003e-01,  2.503e-02, -2.500e-02,  2.503e-02, -2.500e-02,  1.000e+00,  0.000e+00,  5.000e+01,  9.986e+01,  5.000e+01,  9.986e+01,  6.258e-02,  1.250e-01,  6.258e-02,  0.000e+00,>
-------------------^
Line 15 variable 1 differs, model=4.01, user=3.857
Line 15 variable 2 differs, model=1.993, user=1.245
Line 15 variable 3 differs, model=-2.948e-05, user=1.143
Line 15 variable 4 differs, model=2.233e-05, user=-1.245
Line 15 variable 5 differs, model=-3.676e-06, user=0.174
Line 15 variable 6 differs, model=7.397e-06, user=-0.3791
Line 15 variable 7 differs, model=0.01981, user=0.02286
Line 15 variable 8 differs, model=-0.03986, user=-0.02491
Line 15 variable 9 differs, model=-5.896e-07, user=0.02286
Line 15 variable 10 differs, model=4.466e-07, user=-0.02491
Line 15 variable 11 differs, model=-1.488e-05, user=1
Line 15 variable 12 differs, model=-7.397e-06, user=-0
Line 15 variable 13 differs, model=1.381e-08, user=50
Line 15 variable 14 differs, model=100.6, user=108.9
Line 15 variable 15 differs, model=1.381e-08, user=50
Line 15 variable 16 differs, model=100.6, user=108.9
Line 15 variable 17 differs, model=2.736e-11, user=0.05716
Line 15 variable 18 differs, model=0.1993, user=0.1245
Line 15 variable 19 differs, model=2.736e-11, user=0.05716
Error found in line 15 from character 13
L1=< 2.449e+06,  4.010e+00,  1.993e+00, -2.948e-05,  2.233e-05, -3.676e-06,  7.397e-06,  1.981e-02, -3.986e-02, -5.896e-07,  4.466e-07, -1.488e-05, -7.397e-06,  1.381e-08,  1.006e+02,  1.381e-08,  1.006e+02,  2.736e-11,  1.993e-01,  2.736e-11,  3.231e-27,>
-----------------^
L2=< 2.449e+06,  3.857e+00,  1.245e+00,  1.143e+00, -1.245e+00,  1.740e-01, -3.791e-01,  2.286e-02, -2.491e-02,  2.286e-02, -2.491e-02,  1.000e+00, -0.000e+00,  5.000e+01,  1.089e+02,  5.000e+01,  1.089e+02,  5.716e-02,  1.245e-01,  5.716e-02, -3.469e-18,>
-----------------^
Line 16 variable 1 differs, model=4.148, user=3.955
Line 16 variable 2 differs, model=1.88, user=1.233
Line 16 variable 3 differs, model=-1.588e-05, user=1.045
Line 16 variable 4 differs, model=1.392e-05, user=-1.233
Line 16 variable 5 differs, model=-1.914e-06, user=0.1522
Line 16 variable 6 differs, model=4.224e-06, user=-0.3592
Line 16 variable 7 differs, model=0.01703, user=0.0209
Line 16 variable 8 differs, model=-0.03759, user=-0.02466
Line 16 variable 9 differs, model=-3.176e-07, user=0.0209
Line 16 variable 10 differs, model=2.785e-07, user=-0.02466
Line 16 variable 11 differs, model=-9.322e-06, user=1
Line 16 variable 12 differs, model=-4.224e-06, user=-0
Line 16 variable 13 differs, model=5.237e-09, user=50
Line 16 variable 14 differs, model=110.3, user=118
Line 16 variable 15 differs, model=5.237e-09, user=50
Line 16 variable 16 differs, model=110.3, user=118
Line 16 variable 17 differs, model=8.921e-12, user=0.05224
Line 16 variable 18 differs, model=0.188, user=0.1233
Line 16 variable 19 differs, model=8.921e-12, user=0.05224
Error found in line 16 from character 13
L1=< 2.653e+06,  4.148e+00,  1.880e+00, -1.588e-05,  1.392e-05, -1.914e-06,  4.224e-06,  1.703e-02, -3.759e-02, -3.176e-07,  2.785e-07, -9.322e-06, -4.224e-06,  5.237e-09,  1.103e+02,  5.237e-09,  1.103e+02,  8.921e-12,  1.880e-01,  8.921e-12,  0.000e+00,>
-----------------^
L2=< 2.653e+06,  3.955e+00,  1.233e+00,  1.045e+00, -1.233e+00,  1.522e-01, -3.592e-01,  2.090e-02, -2.466e-02,  2.090e-02, -2.466e-02,  1.000e+00, -0.000e+00,  5.000e+01,  1.180e+02,  5.000e+01,  1.180e+02,  5.224e-02,  1.233e-01,  5.224e-02,  1.041e-17,>
-----------------^
Line 17 variable 1 differs, model=4.26, user=4.044
Line 17 variable 2 differs, model=1.775, user=1.215
Line 17 variable 3 differs, model=-8.928e-06, user=0.9559
Line 17 variable 4 differs, model=8.852e-06, user=-1.215
Line 17 variable 5 differs, model=-1.048e-06, user=0.134
Line 17 variable 6 differs, model=2.514e-06, user=-0.3407
Line 17 variable 7 differs, model=0.0148, user=0.01912
Line 17 variable 8 differs, model=-0.03551, user=-0.0243
Line 17 variable 9 differs, model=-1.786e-07, user=0.01912
Line 17 variable 10 differs, model=1.77e-07, user=-0.0243
Line 17 variable 11 differs, model=-6.034e-06, user=1
Line 17 variable 12 differs, model=-2.514e-06, user=-0
Line 17 variable 13 differs, model=2.137e-09, user=50
Line 17 variable 14 differs, model=120, user=127.1
Line 17 variable 15 differs, model=2.137e-09, user=50
Line 17 variable 16 differs, model=120, user=127.1
Line 17 variable 17 differs, model=3.161e-12, user=0.04779
Line 17 variable 18 differs, model=0.1775, user=0.1215
Line 17 variable 19 differs, model=3.161e-12, user=0.04779
Error found in line 17 from character 15
L1=< 2.857e+06,  4.260e+00,  1.775e+00, -8.928e-06,  8.852e-06, -1.048e-06,  2.514e-06,  1.480e-02, -3.551e-02, -1.786e-07,  1.770e-07, -6.034e-06, -2.514e-06,  2.137e-09,  1.200e+02,  2.137e-09,  1.200e+02,  3.161e-12,  1.775e-01,  3.161e-12, -2.019e-28,>
-------------------^
L2=< 2.857e+06,  4.044e+00,  1.215e+00,  9.559e-01, -1.215e+00,  1.340e-01, -3.407e-01,  1.912e-02, -2.430e-02,  1.912e-02, -2.430e-02,  1.000e+00, -0.000e+00,  5.000e+01,  1.271e+02,  5.000e+01,  1.271e+02,  4.779e-02,  1.215e-01,  4.779e-02,  1.388e-17,>
-------------------^
Line 18 variable 1 differs, model=4.352, user=4.124
Line 18 variable 2 differs, model=1.68, user=1.193
Line 18 variable 3 differs, model=-5.211e-06, user=0.8758
Line 18 variable 4 differs, model=5.745e-06, user=-1.193
Line 18 variable 5 differs, model=-5.987e-07, user=0.1188
Line 18 variable 6 differs, model=1.551e-06, user=-0.3235
Line 18 variable 7 differs, model=0.01296, user=0.01752
Line 18 variable 8 differs, model=-0.03359, user=-0.02385
Line 18 variable 9 differs, model=-1.042e-07, user=0.01752
Line 18 variable 10 differs, model=1.149e-07, user=-0.02385
Line 18 variable 11 differs, model=-4.02e-06, user=1
Line 18 variable 12 differs, model=-1.551e-06, user=-0
Line 18 variable 13 differs, model=9.282e-10, user=50
Line 18 variable 14 differs, model=129.6, user=136.2
Line 18 variable 15 differs, model=9.282e-10, user=50
Line 18 variable 16 differs, model=129.6, user=136.2
Line 18 variable 17 differs, model=1.203e-12, user=0.04379
Line 18 variable 18 differs, model=0.168, user=0.1193
Line 18 variable 19 differs, model=1.203e-12, user=0.04379
Error found in line 18 from character 15
L1=< 3.061e+06,  4.352e+00,  1.680e+00, -5.211e-06,  5.745e-06, -5.987e-07,  1.551e-06,  1.296e-02, -3.359e-02, -1.042e-07,  1.149e-07, -4.020e-06, -1.551e-06,  9.282e-10,  1.296e+02,  9.282e-10,  1.296e+02,  1.203e-12,  1.680e-01,  1.203e-12,  0.000e+00,>
-------------------^
L2=< 3.061e+06,  4.124e+00,  1.193e+00,  8.758e-01, -1.193e+00,  1.188e-01, -3.235e-01,  1.752e-02, -2.385e-02,  1.752e-02, -2.385e-02,  1.000e+00, -0.000e+00,  5.000e+01,  1.362e+02,  5.000e+01,  1.362e+02,  4.379e-02,  1.193e-01,  4.379e-02, -1.388e-17,>
-------------------^
Line 19 variable 1 differs, model=4.428, user=4.196
Line 19 variable 2 differs, model=1.592, user=1.168
Line 19 variable 3 differs, model=-3.144e-06, user=0.8039
Line 19 variable 4 differs, model=3.807e-06, user=-1.168
Line 19 variable 5 differs, model=-3.551e-07, user=0.1059
Line 19 variable 6 differs, model=9.874e-07, user=-0.3078
Line 19 variable 7 differs, model=0.01145, user=0.01608
Line 19 variable 8 differs, model=-0.03184, user=-0.02335
Line 19 variable 9 differs, model=-6.288e-08, user=0.01608
Line 19 variable 10 differs, model=7.613e-08, user=-0.02335
Line 19 variable 11 differs, model=-2.746e-06, user=1
Line 19 variable 12 differs, model=-9.874e-07, user=-0
Line 19 variable 13 differs, model=4.258e-10, user=50
Line 19 variable 14 differs, model=139.1, user=145.3
Line 19 variable 15 differs, model=4.258e-10, user=50
Line 19 variable 16 differs, model=139.1, user=145.3
Line 19 variable 17 differs, model=4.875e-13, user=0.04019
Line 19 variable 18 differs, model=0.1592, user=0.1168
Line 19 variable 19 differs, model=4.875e-13, user=0.04019
Error found in line 19 from character 15
L1=< 3.265e+06,  4.428e+00,  1.592e+00, -3.144e-06,  3.807e-06, -3.551e-07,  9.874e-07,  1.145e-02, -3.184e-02, -6.288e-08,  7.613e-08, -2.746e-06, -9.874e-07,  4.258e-10,  1.391e+02,  4.258e-10,  1.391e+02,  4.875e-13,  1.592e-01,  4.875e-13, -1.010e-28,>
-------------------^
L2=< 3.265e+06,  4.196e+00,  1.168e+00,  8.039e-01, -1.168e+00,  1.059e-01, -3.078e-01,  1.608e-02, -2.335e-02,  1.608e-02, -2.335e-02,  1.000e+00, -0.000e+00,  5.000e+01,  1.453e+02,  5.000e+01,  1.453e+02,  4.019e-02,  1.168e-01,  4.019e-02,  1.041e-17,>
-------------------^
Line 20 variable 1 differs, model=4.491, user=4.261
Line 20 variable 2 differs, model=1.512, user=1.141
Line 20 variable 3 differs, model=-1.953e-06, user=0.7392
Line 20 variable 4 differs, model=2.572e-06, user=-1.141
Line 20 variable 5 differs, model=-2.175e-07, user=0.09499
Line 20 variable 6 differs, model=6.46e-07, user=-0.2932
Line 20 variable 7 differs, model=0.01018, user=0.01478
Line 20 variable 8 differs, model=-0.03024, user=-0.02282
Line 20 variable 9 differs, model=-3.907e-08, user=0.01478
Line 20 variable 10 differs, model=5.144e-08, user=-0.02282
Line 20 variable 11 differs, model=-1.919e-06, user=1
Line 20 variable 12 differs, model=-6.46e-07, user=-0
Line 20 variable 13 differs, model=2.049e-10, user=50
Line 20 variable 14 differs, model=148.5, user=154.3
Line 20 variable 15 differs, model=2.049e-10, user=50
Line 20 variable 16 differs, model=148.5, user=154.3
Line 20 variable 17 differs, model=2.086e-13, user=0.03696
Line 20 variable 18 differs, model=0.1512, user=0.1141
Line 20 variable 19 differs, model=2.086e-13, user=0.03696
Error found in line 20 from character 15
L1=< 3.469e+06,  4.491e+00,  1.512e+00, -1.953e-06,  2.572e-06, -2.175e-07,  6.460e-07,  1.018e-02, -3.024e-02, -3.907e-08,  5.144e-08, -1.919e-06, -6.460e-07,  2.049e-10,  1.485e+02,  2.049e-10,  1.485e+02,  2.086e-13,  1.512e-01,  2.086e-13,  2.524e-29,>
-------------------^
L2=< 3.469e+06,  4.261e+00,  1.141e+00,  7.392e-01, -1.141e+00,  9.499e-02, -2.932e-01,  1.478e-02, -2.282e-02,  1.478e-02, -2.282e-02,  1.000e+00, -0.000e+00,  5.000e+01,  1.543e+02,  5.000e+01,  1.543e+02,  3.696e-02,  1.141e-01,  3.696e-02,  3.469e-18,>
-------------------^
Line 21 variable 1 differs, model=4.544, user=4.319
Line 21 variable 2 differs, model=1.439, user=1.113
Line 21 variable 3 differs, model=-1.246e-06, user=0.6811
Line 21 variable 4 differs, model=1.77e-06, user=-1.113
Line 21 variable 5 differs, model=-1.371e-07, user=0.0856
Line 21 variable 6 differs, model=4.33e-07, user=-0.2798
Line 21 variable 7 differs, model=0.009112, user=0.01362
Line 21 variable 8 differs, model=-0.02878, user=-0.02226
Line 21 variable 9 differs, model=-2.492e-08, user=0.01362
Line 21 variable 10 differs, model=3.541e-08, user=-0.02226
Line 21 variable 11 differs, model=-1.367e-06, user=1
Line 21 variable 12 differs, model=-4.33e-07, user=-0
Line 21 variable 13 differs, model=1.029e-10, user=50
Line 21 variable 14 differs, model=157.9, user=163.4
Line 21 variable 15 differs, model=1.029e-10, user=50
Line 21 variable 16 differs, model=157.9, user=163.4
Line 21 variable 17 differs, model=9.371e-14, user=0.03406
Line 21 variable 18 differs, model=0.1439, user=0.1113
Line 21 variable 19 differs, model=9.373e-14, user=0.03406
Error found in line 21 from character 15
L1=< 3.673e+06,  4.544e+00,  1.439e+00, -1.246e-06,  1.770e-06, -1.371e-07,  4.330e-07,  9.112e-03, -2.878e-02, -2.492e-08,  3.541e-08, -1.367e-06, -4.330e-07,  1.029e-10,  1.579e+02,  1.029e-10,  1.579e+02,  9.371e-14,  1.439e-01,  9.373e-14,  1.262e-29,>
-------------------^
L2=< 3.673e+06,  4.319e+00,  1.113e+00,  6.811e-01, -1.113e+00,  8.560e-02, -2.798e-01,  1.362e-02, -2.226e-02,  1.362e-02, -2.226e-02,  1.000e+00, -0.000e+00,  5.000e+01,  1.634e+02,  5.000e+01,  1.634e+02,  3.406e-02,  1.113e-01,  3.406e-02, -3.469e-18,>
-------------------^
Line 22 variable 1 differs, model=4.59, user=4.371
Line 22 variable 2 differs, model=1.372, user=1.085
Line 22 variable 3 differs, model=-8.136e-07, user=0.6289
Line 22 variable 4 differs, model=1.24e-06, user=-1.085
Line 22 variable 5 differs, model=-8.863e-08, user=0.07751
Line 22 variable 6 differs, model=2.965e-07, user=-0.2674
Line 22 variable 7 differs, model=0.008201, user=0.01258
Line 22 variable 8 differs, model=-0.02744, user=-0.0217
Line 22 variable 9 differs, model=-1.627e-08, user=0.01258
Line 22 variable 10 differs, model=2.479e-08, user=-0.0217
Line 22 variable 11 differs, model=-9.921e-07, user=1
Line 22 variable 12 differs, model=-2.965e-07, user=-0
Line 22 variable 13 differs, model=5.361e-11, user=50
Line 22 variable 14 differs, model=167.3, user=172.5
Line 22 variable 15 differs, model=5.361e-11, user=50
Line 22 variable 16 differs, model=167.3, user=172.5
Line 22 variable 17 differs, model=4.396e-14, user=0.03144
Line 22 variable 18 differs, model=0.1372, user=0.1085
Line 22 variable 19 differs, model=4.397e-14, user=0.03144
Error found in line 22 from character 15
L1=< 3.878e+06,  4.590e+00,  1.372e+00, -8.136e-07,  1.240e-06, -8.863e-08,  2.965e-07,  8.201e-03, -2.744e-02, -1.627e-08,  2.479e-08, -9.921e-07, -2.965e-07,  5.361e-11,  1.673e+02,  5.361e-11,  1.673e+02,  4.396e-14,  1.372e-01,  4.397e-14, -3.155e-30,>
-------------------^
L2=< 3.878e+06,  4.371e+00,  1.085e+00,  6.289e-01, -1.085e+00,  7.751e-02, -2.674e-01,  1.258e-02, -2.170e-02,  1.258e-02, -2.170e-02,  1.000e+00, -0.000e+00,  5.000e+01,  1.725e+02,  5.000e+01,  1.725e+02,  3.144e-02,  1.085e-01,  3.144e-02,  3.469e-18,>
-------------------^
Line 23 variable 1 differs, model=4.629, user=4.418
Line 23 variable 2 differs, model=1.31, user=1.056
Line 23 variable 3 differs, model=-5.427e-07, user=0.5818
Line 23 variable 4 differs, model=8.818e-07, user=-1.056
Line 23 variable 5 differs, model=-5.862e-08, user=0.07049
Line 23 variable 6 differs, model=2.071e-07, user=-0.256
Line 23 variable 7 differs, model=0.007419, user=0.01164
Line 23 variable 8 differs, model=-0.02621, user=-0.02113
Line 23 variable 9 differs, model=-1.085e-08, user=0.01164
Line 23 variable 10 differs, model=1.764e-08, user=-0.02113
Line 23 variable 11 differs, model=-7.315e-07, user=1
Line 23 variable 12 differs, model=-2.071e-07, user=6.3e-17
Line 23 variable 13 differs, model=2.889e-11, user=50
Line 23 variable 14 differs, model=176.6, user=181.6
Line 23 variable 15 differs, model=2.889e-11, user=50
Line 23 variable 16 differs, model=176.6, user=181.6
Line 23 variable 17 differs, model=2.143e-14, user=0.02909
Line 23 variable 18 differs, model=0.131, user=0.1056
Line 23 variable 19 differs, model=2.144e-14, user=0.02909
Error found in line 23 from character 15
L1=< 4.082e+06,  4.629e+00,  1.310e+00, -5.427e-07,  8.818e-07, -5.862e-08,  2.071e-07,  7.419e-03, -2.621e-02, -1.085e-08,  1.764e-08, -7.315e-07, -2.071e-07,  2.889e-11,  1.766e+02,  2.889e-11,  1.766e+02,  2.143e-14,  1.310e-01,  2.144e-14,  1.578e-30,>
-------------------^
L2=< 4.082e+06,  4.418e+00,  1.056e+00,  5.818e-01, -1.056e+00,  7.049e-02, -2.560e-01,  1.164e-02, -2.113e-02,  1.164e-02, -2.113e-02,  1.000e+00,  6.300e-17,  5.000e+01,  1.816e+02,  5.000e+01,  1.816e+02,  2.909e-02,  1.056e-01,  2.909e-02,  6.939e-18,>
-------------------^
Line 24 variable 1 differs, model=4.663, user=4.461
Line 24 variable 2 differs, model=1.254, user=1.028
Line 24 variable 3 differs, model=-3.691e-07, user=0.5394
Line 24 variable 4 differs, model=6.366e-07, user=-1.028
Line 24 variable 5 differs, model=-3.957e-08, user=0.06435
Line 24 variable 6 differs, model=1.472e-07, user=-0.2454
Line 24 variable 7 differs, model=0.006743, user=0.01079
Line 24 variable 8 differs, model=-0.02508, user=-0.02057
Line 24 variable 9 differs, model=-7.381e-09, user=0.01079
Line 24 variable 10 differs, model=1.273e-08, user=-0.02057
Line 24 variable 11 differs, model=-5.473e-07, user=1
Line 24 variable 12 differs, model=-1.472e-07, user=6.615e-17
Line 24 variable 13 differs, model=1.606e-11, user=50
Line 24 variable 14 differs, model=185.9, user=190.7
Line 24 variable 15 differs, model=1.606e-11, user=50
Line 24 variable 16 differs, model=185.9, user=190.7
Line 24 variable 17 differs, model=1.082e-14, user=0.02697
Line 24 variable 18 differs, model=0.1254, user=0.1028
Line 24 variable 19 differs, model=1.083e-14, user=0.02697
Error found in line 24 from character 15
L1=< 4.286e+06,  4.663e+00,  1.254e+00, -3.691e-07,  6.366e-07, -3.957e-08,  1.472e-07,  6.743e-03, -2.508e-02, -7.381e-09,  1.273e-08, -5.473e-07, -1.472e-07,  1.606e-11,  1.859e+02,  1.606e-11,  1.859e+02,  1.082e-14,  1.254e-01,  1.083e-14, -7.889e-31,>
-------------------^
L2=< 4.286e+06,  4.461e+00,  1.028e+00,  5.394e-01, -1.028e+00,  6.435e-02, -2.454e-01,  1.079e-02, -2.057e-02,  1.079e-02, -2.057e-02,  1.000e+00,  6.615e-17,  5.000e+01,  1.907e+02,  5.000e+01,  1.907e+02,  2.697e-02,  1.028e-01,  2.697e-02, -1.735e-18,>
-------------------^
Line 25 variable 1 differs, model=4.692, user=4.499
Line 25 variable 2 differs, model=1.202, user=1.001
Line 25 variable 3 differs, model=-2.554e-07, user=0.5011
Line 25 variable 4 differs, model=4.659e-07, user=-1.001
Line 25 variable 5 differs, model=-2.722e-08, user=0.05897
Line 25 variable 6 differs, model=1.063e-07, user=-0.2356
Line 25 variable 7 differs, model=0.006155, user=0.01002
Line 25 variable 8 differs, model=-0.02403, user=-0.02002
Line 25 variable 9 differs, model=-5.108e-09, user=0.01002
Line 25 variable 10 differs, model=9.319e-09, user=-0.02002
Line 25 variable 11 differs, model=-4.15e-07, user=1
Line 25 variable 12 differs, model=-1.063e-07, user=-0
Line 25 variable 13 differs, model=9.176e-12, user=50
Line 25 variable 14 differs, model=195.2, user=199.7
Line 25 variable 15 differs, model=9.176e-12, user=50
Line 25 variable 16 differs, model=195.2, user=199.7
Line 25 variable 17 differs, model=5.652e-15, user=0.02505
Line 25 variable 18 differs, model=0.1202, user=0.1001
Line 25 variable 19 differs, model=5.647e-15, user=0.02505
Error found in line 25 from character 15
L1=< 4.490e+06,  4.692e+00,  1.202e+00, -2.554e-07,  4.659e-07, -2.722e-08,  1.063e-07,  6.155e-03, -2.403e-02, -5.108e-09,  9.319e-09, -4.150e-07, -1.063e-07,  9.176e-12,  1.952e+02,  9.176e-12,  1.952e+02,  5.652e-15,  1.202e-01,  5.647e-15, -3.944e-31,>
-------------------^
L2=< 4.490e+06,  4.499e+00,  1.001e+00,  5.011e-01, -1.001e+00,  5.897e-02, -2.356e-01,  1.002e-02, -2.002e-02,  1.002e-02, -2.002e-02,  1.000e+00, -0.000e+00,  5.000e+01,  1.997e+02,  5.000e+01,  1.997e+02,  2.505e-02,  1.001e-01,  2.505e-02, -1.735e-18,>
-------------------^
Line 26 variable 1 differs, model=4.718, user=4.534
Line 26 variable 2 differs, model=1.153, user=0.9739
Line 26 variable 3 differs, model=-1.796e-07, user=0.4664
Line 26 variable 4 differs, model=3.454e-07, user=-0.9739
Line 26 variable 5 differs, model=-1.903e-08, user=0.05423
Line 26 variable 6 differs, model=7.785e-08, user=-0.2265
Line 26 variable 7 differs, model=0.00564, user=0.009328
Line 26 variable 8 differs, model=-0.02307, user=-0.01948
Line 26 variable 9 differs, model=-3.592e-09, user=0.009328
Line 26 variable 10 differs, model=6.907e-09, user=-0.01948
Line 26 variable 11 differs, model=-3.184e-07, user=1
Line 26 variable 12 differs, model=-7.785e-08, user=-0
Line 26 variable 13 differs, model=5.371e-12, user=50
Line 26 variable 14 differs, model=204.5, user=208.8
Line 26 variable 15 differs, model=5.371e-12, user=50
Line 26 variable 16 differs, model=204.5, user=208.8
Line 26 variable 17 differs, model=3.032e-15, user=0.02332
Line 26 variable 18 differs, model=0.1153, user=0.09739
Line 26 variable 19 differs, model=3.031e-15, user=0.02332
Error found in line 26 from character 15
L1=< 4.694e+06,  4.718e+00,  1.153e+00, -1.796e-07,  3.454e-07, -1.903e-08,  7.785e-08,  5.640e-03, -2.307e-02, -3.592e-09,  6.907e-09, -3.184e-07, -7.785e-08,  5.371e-12,  2.045e+02,  5.371e-12,  2.045e+02,  3.032e-15,  1.153e-01,  3.031e-15, -1.972e-31,>
-------------------^
L2=< 4.694e+06,  4.534e+00,  9.739e-01,  4.664e-01, -9.739e-01,  5.423e-02, -2.265e-01,  9.328e-03, -1.948e-02,  9.328e-03, -1.948e-02,  1.000e+00, -0.000e+00,  5.000e+01,  2.088e+02,  5.000e+01,  2.088e+02,  2.332e-02,  9.739e-02,  2.332e-02, -5.204e-18,>
-------------------^
Line 27 variable 1 differs, model=4.741, user=4.565
Line 27 variable 2 differs, model=1.109, user=0.9478
Line 27 variable 3 differs, model=-1.282e-07, user=0.435
Line 27 variable 4 differs, model=2.59e-07, user=-0.9478
Line 27 variable 5 differs, model=-1.352e-08, user=0.05003
Line 27 variable 6 differs, model=5.78e-08, user=-0.218
Line 27 variable 7 differs, model=0.005187, user=0.0087
Line 27 variable 8 differs, model=-0.02218, user=-0.01896
Line 27 variable 9 differs, model=-2.563e-09, user=0.0087
Line 27 variable 10 differs, model=5.18e-09, user=-0.01896
Line 27 variable 11 differs, model=-2.471e-07, user=1
Line 27 variable 12 differs, model=-5.78e-08, user=-0
Line 27 variable 13 differs, model=3.226e-12, user=50
Line 27 variable 14 differs, model=213.8, user=217.9
Line 27 variable 15 differs, model=3.226e-12, user=50
Line 27 variable 16 differs, model=213.8, user=217.9
Line 27 variable 17 differs, model=1.676e-15, user=0.02175
Line 27 variable 18 differs, model=0.1109, user=0.09478
Line 27 variable 19 differs, model=1.67e-15, user=0.02175
Error found in line 27 from character 15
L1=< 4.898e+06,  4.741e+00,  1.109e+00, -1.282e-07,  2.590e-07, -1.352e-08,  5.780e-08,  5.187e-03, -2.218e-02, -2.563e-09,  5.180e-09, -2.471e-07, -5.780e-08,  3.226e-12,  2.138e+02,  3.226e-12,  2.138e+02,  1.676e-15,  1.109e-01,  1.670e-15,  9.861e-32,>
-------------------^
L2=< 4.898e+06,  4.565e+00,  9.478e-01,  4.350e-01, -9.478e-01,  5.003e-02, -2.180e-01,  8.700e-03, -1.896e-02,  8.700e-03, -1.896e-02,  1.000e+00, -0.000e+00,  5.000e+01,  2.179e+02,  5.000e+01,  2.179e+02,  2.175e-02,  9.478e-02,  2.175e-02, -5.204e-18,>
-------------------^
Line 28 variable 1 differs, model=4.761, user=4.594
Line 28 variable 2 differs, model=1.067, user=0.9224
Line 28 variable 3 differs, model=-9.271e-08, user=0.4064
Line 28 variable 4 differs, model=1.964e-07, user=-0.9224
Line 28 variable 5 differs, model=-9.737e-09, user=0.04629
Line 28 variable 6 differs, model=4.343e-08, user=-0.2101
Line 28 variable 7 differs, model=0.004786, user=0.008128
Line 28 variable 8 differs, model=-0.02135, user=-0.01845
Line 28 variable 9 differs, model=-1.854e-09, user=0.008128
Line 28 variable 10 differs, model=3.927e-09, user=-0.01845
Line 28 variable 11 differs, model=-1.937e-07, user=1
Line 28 variable 12 differs, model=-4.343e-08, user=-0
Line 28 variable 13 differs, model=1.98e-12, user=50
Line 28 variable 14 differs, model=223, user=227
Line 28 variable 15 differs, model=1.98e-12, user=50
Line 28 variable 16 differs, model=223, user=227
Line 28 variable 17 differs, model=9.472e-16, user=0.02032
Line 28 variable 18 differs, model=0.1067, user=0.09224
Line 28 variable 19 differs, model=9.431e-16, user=0.02032
Error found in line 28 from character 15
L1=< 5.102e+06,  4.761e+00,  1.067e+00, -9.271e-08,  1.964e-07, -9.737e-09,  4.343e-08,  4.786e-03, -2.135e-02, -1.854e-09,  3.927e-09, -1.937e-07, -4.343e-08,  1.980e-12,  2.230e+02,  1.980e-12,  2.230e+02,  9.472e-16,  1.067e-01,  9.431e-16, -9.861e-32,>
-------------------^
L2=< 5.102e+06,  4.594e+00,  9.224e-01,  4.064e-01, -9.224e-01,  4.629e-02, -2.101e-01,  8.128e-03, -1.845e-02,  8.128e-03, -1.845e-02,  1.000e+00, -0.000e+00,  5.000e+01,  2.270e+02,  5.000e+01,  2.270e+02,  2.032e-02,  9.224e-02,  2.032e-02,  6.939e-18,>
-------------------^
Line 29 variable 1 differs, model=4.779, user=4.62
Line 29 variable 2 differs, model=1.029, user=0.898
Line 29 variable 3 differs, model=-6.79e-08, user=0.3804
Line 29 variable 4 differs, model=1.504e-07, user=-0.898
Line 29 variable 5 differs, model=-7.105e-09, user=0.04294
Line 29 variable 6 differs, model=3.3e-08, user=-0.2027
Line 29 variable 7 differs, model=0.004429, user=0.007608
Line 29 variable 8 differs, model=-0.02057, user=-0.01796
Line 29 variable 9 differs, model=-1.358e-09, user=0.007608
Line 29 variable 10 differs, model=3.008e-09, user=-0.01796
Line 29 variable 11 differs, model=-1.533e-07, user=1
Line 29 variable 12 differs, model=-3.3e-08, user=-0
Line 29 variable 13 differs, model=1.224e-12, user=50
Line 29 variable 14 differs, model=232.3, user=236
Line 29 variable 15 differs, model=1.234e-12, user=50
Line 29 variable 16 differs, model=232.3, user=236
Line 29 variable 17 differs, model=5.412e-16, user=0.01902
Line 29 variable 18 differs, model=0.1029, user=0.0898
Line 29 variable 19 differs, model=5.446e-16, user=0.01902
Error found in line 29 from character 15
L1=< 5.306e+06,  4.779e+00,  1.029e+00, -6.790e-08,  1.504e-07, -7.105e-09,  3.300e-08,  4.429e-03, -2.057e-02, -1.358e-09,  3.008e-09, -1.533e-07, -3.300e-08,  1.224e-12,  2.323e+02,  1.234e-12,  2.323e+02,  5.412e-16,  1.029e-01,  5.446e-16, -2.465e-32,>
-------------------^
L2=< 5.306e+06,  4.620e+00,  8.980e-01,  3.804e-01, -8.980e-01,  4.294e-02, -2.027e-01,  7.608e-03, -1.796e-02,  7.608e-03, -1.796e-02,  1.000e+00, -0.000e+00,  5.000e+01,  2.360e+02,  5.000e+01,  2.360e+02,  1.902e-02,  8.980e-02,  1.902e-02, -2.082e-17,>
-------------------^
Line 30 variable 1 differs, model=4.794, user=4.643
Line 30 variable 2 differs, model=0.9928, user=0.8744
Line 30 variable 3 differs, model=-5.032e-08, user=0.3567
Line 30 variable 4 differs, model=1.163e-07, user=-0.8744
Line 30 variable 5 differs, model=-5.247e-09, user=0.03995
Line 30 variable 6 differs, model=2.534e-08, user=-0.1958
Line 30 variable 7 differs, model=0.004111, user=0.007134
Line 30 variable 8 differs, model=-0.01986, user=-0.01749
Line 30 variable 9 differs, model=-1.006e-09, user=0.007134
Line 30 variable 10 differs, model=2.326e-09, user=-0.01749
Line 30 variable 11 differs, model=-1.224e-07, user=1
Line 30 variable 12 differs, model=-2.534e-08, user=-0
Line 30 variable 13 differs, model=7.805e-13, user=50
Line 30 variable 14 differs, model=241.5, user=245.1
Line 30 variable 15 differs, model=7.805e-13, user=50
Line 30 variable 16 differs, model=241.5, user=245.1
Line 30 variable 17 differs, model=3.227e-16, user=0.01784
Line 30 variable 18 differs, model=0.09928, user=0.08744
Line 30 variable 19 differs, model=3.211e-16, user=0.01784
Error found in line 30 from character 15
L1=< 5.510e+06,  4.794e+00,  9.928e-01, -5.032e-08,  1.163e-07, -5.247e-09,  2.534e-08,  4.111e-03, -1.986e-02, -1.006e-09,  2.326e-09, -1.224e-07, -2.534e-08,  7.805e-13,  2.415e+02,  7.805e-13,  2.415e+02,  3.227e-16,  9.928e-02,  3.211e-16,  2.465e-32,>
-------------------^
L2=< 5.510e+06,  4.643e+00,  8.744e-01,  3.567e-01, -8.744e-01,  3.995e-02, -1.958e-01,  7.134e-03, -1.749e-02,  7.134e-03, -1.749e-02,  1.000e+00, -0.000e+00,  5.000e+01,  2.451e+02,  5.000e+01,  2.451e+02,  1.784e-02,  8.744e-02,  1.784e-02,  4.337e-18,>
-------------------^
Line 31 variable 1 differs, model=4.809, user=4.665
Line 31 variable 2 differs, model=0.9591, user=0.8517
Line 31 variable 3 differs, model=-3.769e-08, user=0.335
Line 31 variable 4 differs, model=9.071e-08, user=-0.8517
Line 31 variable 5 differs, model=-3.918e-09, user=0.03725
Line 31 variable 6 differs, model=1.965e-08, user=-0.1894
Line 31 variable 7 differs, model=0.003826, user=0.006701
Line 31 variable 8 differs, model=-0.01918, user=-0.01703
Line 31 variable 9 differs, model=-7.537e-10, user=0.006701
Line 31 variable 10 differs, model=1.814e-09, user=-0.01703
Line 31 variable 11 differs, model=-9.85e-08, user=1
Line 31 variable 12 differs, model=-1.965e-08, user=-0
Line 31 variable 13 differs, model=5.049e-13, user=50
Line 31 variable 14 differs, model=250.7, user=254.2
Line 31 variable 15 differs, model=5.049e-13, user=50
Line 31 variable 16 differs, model=250.7, user=254.2
Line 31 variable 17 differs, model=1.943e-16, user=0.01675
Line 31 variable 18 differs, model=0.09591, user=0.08517
Line 31 variable 19 differs, model=1.93e-16, user=0.01675
Error found in line 31 from character 15
L1=< 5.714e+06,  4.809e+00,  9.591e-01, -3.769e-08,  9.071e-08, -3.918e-09,  1.965e-08,  3.826e-03, -1.918e-02, -7.537e-10,  1.814e-09, -9.850e-08, -1.965e-08,  5.049e-13,  2.507e+02,  5.049e-13,  2.507e+02,  1.943e-16,  9.591e-02,  1.930e-16,  0.000e+00,>
-------------------^
L2=< 5.714e+06,  4.665e+00,  8.517e-01,  3.350e-01, -8.517e-01,  3.725e-02, -1.894e-01,  6.701e-03, -1.703e-02,  6.701e-03, -1.703e-02,  1.000e+00, -0.000e+00,  5.000e+01,  2.542e+02,  5.000e+01,  2.542e+02,  1.675e-02,  8.517e-02,  1.675e-02,  8.674e-19,>
-------------------^
Line 32 variable 1 differs, model=4.822, user=4.685
Line 32 variable 2 differs, model=0.9276, user=0.8298
Line 32 variable 3 differs, model=-2.851e-08, user=0.3152
Line 32 variable 4 differs, model=7.135e-08, user=-0.8298
Line 32 variable 5 differs, model=-2.957e-09, user=0.03481
Line 32 variable 6 differs, model=1.537e-08, user=-0.1833
Line 32 variable 7 differs, model=0.003569, user=0.006304
Line 32 variable 8 differs, model=-0.01855, user=-0.0166
Line 32 variable 9 differs, model=-5.702e-10, user=0.006304
Line 32 variable 10 differs, model=1.427e-09, user=-0.0166
Line 32 variable 11 differs, model=-7.987e-08, user=1
Line 32 variable 12 differs, model=-1.537e-08, user=-0
Line 32 variable 13 differs, model=3.428e-13, user=50
Line 32 variable 14 differs, model=259.9, user=263.3
Line 32 variable 15 differs, model=3.333e-13, user=50
Line 32 variable 16 differs, model=259.9, user=263.3
Line 32 variable 17 differs, model=1.18e-16, user=0.01576
Line 32 variable 18 differs, model=0.09276, user=0.08298
Line 32 variable 19 differs, model=1.181e-16, user=0.01576
Error found in line 32 from character 15
L1=< 5.918e+06,  4.822e+00,  9.276e-01, -2.851e-08,  7.135e-08, -2.957e-09,  1.537e-08,  3.569e-03, -1.855e-02, -5.702e-10,  1.427e-09, -7.987e-08, -1.537e-08,  3.428e-13,  2.599e+02,  3.333e-13,  2.599e+02,  1.180e-16,  9.276e-02,  1.181e-16,  0.000e+00,>
-------------------^
L2=< 5.918e+06,  4.685e+00,  8.298e-01,  3.152e-01, -8.298e-01,  3.481e-02, -1.833e-01,  6.304e-03, -1.660e-02,  6.304e-03, -1.660e-02,  1.000e+00, -0.000e+00,  5.000e+01,  2.633e+02,  5.000e+01,  2.633e+02,  1.576e-02,  8.298e-02,  1.576e-02,  1.735e-18,>
-------------------^
Line 33 variable 1 differs, model=4.833, user=4.703
Line 33 variable 2 differs, model=0.8981, user=0.8089
Line 33 variable 3 differs, model=-2.177e-08, user=0.297
Line 33 variable 4 differs, model=5.656e-08, user=-0.8089
Line 33 variable 5 differs, model=-2.252e-09, user=0.0326
Line 33 variable 6 differs, model=1.212e-08, user=-0.1776
Line 33 variable 7 differs, model=0.003338, user=0.00594
Line 33 variable 8 differs, model=-0.01796, user=-0.01618
Line 33 variable 9 differs, model=-4.354e-10, user=0.00594
Line 33 variable 10 differs, model=1.131e-09, user=-0.01618
Line 33 variable 11 differs, model=-6.523e-08, user=1
Line 33 variable 12 differs, model=-1.212e-08, user=-0
Line 33 variable 13 differs, model=2.255e-13, user=50
Line 33 variable 14 differs, model=269.1, user=272.4
Line 33 variable 15 differs, model=2.255e-13, user=50
Line 33 variable 16 differs, model=269.1, user=272.4
Line 33 variable 17 differs, model=7.286e-17, user=0.01485
Line 33 variable 18 differs, model=0.08981, user=0.08089
Line 33 variable 19 differs, model=7.346e-17, user=0.01485
Error found in line 33 from character 15
L1=< 6.122e+06,  4.833e+00,  8.981e-01, -2.177e-08,  5.656e-08, -2.252e-09,  1.212e-08,  3.338e-03, -1.796e-02, -4.354e-10,  1.131e-09, -6.523e-08, -1.212e-08,  2.255e-13,  2.691e+02,  2.255e-13,  2.691e+02,  7.286e-17,  8.981e-02,  7.346e-17,  0.000e+00,>
-------------------^
L2=< 6.122e+06,  4.703e+00,  8.089e-01,  2.970e-01, -8.089e-01,  3.260e-02, -1.776e-01,  5.940e-03, -1.618e-02,  5.940e-03, -1.618e-02,  1.000e+00, -0.000e+00,  5.000e+01,  2.724e+02,  5.000e+01,  2.724e+02,  1.485e-02,  8.089e-02,  1.485e-02,  5.204e-18,>
-------------------^
Line 34 variable 1 differs, model=4.844, user=4.72
Line 34 variable 2 differs, model=0.8703, user=0.7887
Line 34 variable 3 differs, model=-1.677e-08, user=0.2803
Line 34 variable 4 differs, model=4.516e-08, user=-0.7887
Line 34 variable 5 differs, model=-1.731e-09, user=0.0306
Line 34 variable 6 differs, model=9.635e-09, user=-0.1722
Line 34 variable 7 differs, model=0.003128, user=0.005605
Line 34 variable 8 differs, model=-0.01741, user=-0.01577
Line 34 variable 9 differs, model=-3.354e-10, user=0.005605
Line 34 variable 10 differs, model=9.032e-10, user=-0.01577
Line 34 variable 11 differs, model=-5.362e-08, user=1
Line 34 variable 12 differs, model=-9.635e-09, user=-0
Line 34 variable 13 differs, model=1.47e-13, user=50
Line 34 variable 14 differs, model=278.3, user=281.4
Line 34 variable 15 differs, model=1.47e-13, user=50
Line 34 variable 16 differs, model=278.3, user=281.4
Line 34 variable 17 differs, model=4.684e-17, user=0.01401
Line 34 variable 18 differs, model=0.08703, user=0.07887
Line 34 variable 19 differs, model=4.642e-17, user=0.01401
Error found in line 34 from character 15
L1=< 6.327e+06,  4.844e+00,  8.703e-01, -1.677e-08,  4.516e-08, -1.731e-09,  9.635e-09,  3.128e-03, -1.741e-02, -3.354e-10,  9.032e-10, -5.362e-08, -9.635e-09,  1.470e-13,  2.783e+02,  1.470e-13,  2.783e+02,  4.684e-17,  8.703e-02,  4.642e-17,  3.081e-33,>
-------------------^
L2=< 6.327e+06,  4.720e+00,  7.887e-01,  2.803e-01, -7.887e-01,  3.060e-02, -1.722e-01,  5.605e-03, -1.577e-02,  5.605e-03, -1.577e-02,  1.000e+00, -0.000e+00,  5.000e+01,  2.814e+02,  5.000e+01,  2.814e+02,  1.401e-02,  7.887e-02,  1.401e-02,  8.674e-19,>
-------------------^
Line 35 variable 1 differs, model=4.853, user=4.735
Line 35 variable 2 differs, model=0.8442, user=0.7694
Line 35 variable 3 differs, model=-1.303e-08, user=0.2648
Line 35 variable 4 differs, model=3.631e-08, user=-0.7694
Line 35 variable 5 differs, model=-1.342e-09, user=0.02877
Line 35 variable 6 differs, model=7.715e-09, user=-0.1672
Line 35 variable 7 differs, model=0.002937, user=0.005297
Line 35 variable 8 differs, model=-0.01688, user=-0.01539
Line 35 variable 9 differs, model=-2.605e-10, user=0.005297
Line 35 variable 10 differs, model=7.262e-10, user=-0.01539
Line 35 variable 11 differs, model=-4.435e-08, user=1
Line 35 variable 12 differs, model=-7.715e-09, user=-0
Line 35 variable 13 differs, model=1.163e-13, user=50
Line 35 variable 14 differs, model=287.4, user=290.5
Line 35 variable 15 differs, model=1.057e-13, user=50
Line 35 variable 16 differs, model=287.4, user=290.5
Line 35 variable 17 differs, model=3.123e-17, user=0.01324
Line 35 variable 18 differs, model=0.08442, user=0.07694
Line 35 variable 19 differs, model=2.976e-17, user=0.01324
Error found in line 35 from character 15
L1=< 6.531e+06,  4.853e+00,  8.442e-01, -1.303e-08,  3.631e-08, -1.342e-09,  7.715e-09,  2.937e-03, -1.688e-02, -2.605e-10,  7.262e-10, -4.435e-08, -7.715e-09,  1.163e-13,  2.874e+02,  1.057e-13,  2.874e+02,  3.123e-17,  8.442e-02,  2.976e-17,  0.000e+00,>
-------------------^
L2=< 6.531e+06,  4.735e+00,  7.694e-01,  2.648e-01, -7.694e-01,  2.877e-02, -1.672e-01,  5.297e-03, -1.539e-02,  5.297e-03, -1.539e-02,  1.000e+00, -0.000e+00,  5.000e+01,  2.905e+02,  5.000e+01,  2.905e+02,  1.324e-02,  7.694e-02,  1.324e-02, -8.674e-18,>
-------------------^
Line 36 variable 1 differs, model=4.862, user=4.749
Line 36 variable 2 differs, model=0.8196, user=0.7508
Line 36 variable 3 differs, model=-1.02e-08, user=0.2506
Line 36 variable 4 differs, model=2.938e-08, user=-0.7508
Line 36 variable 5 differs, model=-1.048e-09, user=0.0271
Line 36 variable 6 differs, model=6.22e-09, user=-0.1624
Line 36 variable 7 differs, model=0.002763, user=0.005012
Line 36 variable 8 differs, model=-0.01639, user=-0.01502
Line 36 variable 9 differs, model=-2.039e-10, user=0.005012
Line 36 variable 10 differs, model=5.876e-10, user=-0.01502
Line 36 variable 11 differs, model=-3.69e-08, user=1
Line 36 variable 12 differs, model=-6.22e-09, user=-0
Line 36 variable 13 differs, model=7.917e-14, user=50
Line 36 variable 14 differs, model=296.6, user=299.6
Line 36 variable 15 differs, model=8.797e-14, user=50
Line 36 variable 16 differs, model=296.6, user=299.6
Line 36 variable 17 differs, model=2.255e-17, user=0.01253
Line 36 variable 18 differs, model=0.08196, user=0.07508
Line 36 variable 19 differs, model=1.934e-17, user=0.01253
Error found in line 36 from character 15
L1=< 6.735e+06,  4.862e+00,  8.196e-01, -1.020e-08,  2.938e-08, -1.048e-09,  6.220e-09,  2.763e-03, -1.639e-02, -2.039e-10,  5.876e-10, -3.690e-08, -6.220e-09,  7.917e-14,  2.966e+02,  8.797e-14,  2.966e+02,  2.255e-17,  8.196e-02,  1.934e-17,  7.704e-34,>
-------------------^
L2=< 6.735e+06,  4.749e+00,  7.508e-01,  2.506e-01, -7.508e-01,  2.710e-02, -1.624e-01,  5.012e-03, -1.502e-02,  5.012e-03, -1.502e-02,  1.000e+00, -0.000e+00,  5.000e+01,  2.996e+02,  5.000e+01,  2.996e+02,  1.253e-02,  7.508e-02,  1.253e-02,  7.806e-18,>
-------------------^
Line 37 variable 1 differs, model=4.87, user=4.763
Line 37 variable 2 differs, model=0.7963, user=0.733
Line 37 variable 3 differs, model=-8.038e-09, user=0.2375
Line 37 variable 4 differs, model=2.392e-08, user=-0.733
Line 37 variable 5 differs, model=-8.253e-10, user=0.02557
Line 37 variable 6 differs, model=5.047e-09, user=-0.1578
Line 37 variable 7 differs, model=0.002604, user=0.004749
Line 37 variable 8 differs, model=-0.01593, user=-0.01466
Line 37 variable 9 differs, model=-1.608e-10, user=0.004749
Line 37 variable 10 differs, model=4.784e-10, user=-0.01466
Line 37 variable 11 differs, model=-3.086e-08, user=1
Line 37 variable 12 differs, model=-5.047e-09, user=-0
Line 37 variable 13 differs, model=5.151e-14, user=50
Line 37 variable 14 differs, model=305.8, user=308.7
Line 37 variable 15 differs, model=4.415e-14, user=50
Line 37 variable 16 differs, model=305.8, user=308.7
Line 37 variable 17 differs, model=1.214e-17, user=0.01187
Line 37 variable 18 differs, model=0.07963, user=0.0733
Line 37 variable 19 differs, model=1.274e-17, user=0.01187
Error found in line 37 from character 15
L1=< 6.939e+06,  4.870e+00,  7.963e-01, -8.038e-09,  2.392e-08, -8.253e-10,  5.047e-09,  2.604e-03, -1.593e-02, -1.608e-10,  4.784e-10, -3.086e-08, -5.047e-09,  5.151e-14,  3.058e+02,  4.415e-14,  3.058e+02,  1.214e-17,  7.963e-02,  1.274e-17, -7.704e-34,>
-------------------^
L2=< 6.939e+06,  4.763e+00,  7.330e-01,  2.375e-01, -7.330e-01,  2.557e-02, -1.578e-01,  4.749e-03, -1.466e-02,  4.749e-03, -1.466e-02,  1.000e+00, -0.000e+00,  5.000e+01,  3.087e+02,  5.000e+01,  3.087e+02,  1.187e-02,  7.330e-02,  1.187e-02, -4.337e-18,>
-------------------^
Line 38 variable 1 differs, model=4.877, user=4.775
Line 38 variable 2 differs, model=0.7743, user=0.7159
Line 38 variable 3 differs, model=-6.38e-09, user=0.2253
Line 38 variable 4 differs, model=1.959e-08, user=-0.7159
Line 38 variable 5 differs, model=-6.541e-10, user=0.02416
Line 38 variable 6 differs, model=4.12e-09, user=-0.1536
Line 38 variable 7 differs, model=0.002459, user=0.004506
Line 38 variable 8 differs, model=-0.01549, user=-0.01432
Line 38 variable 9 differs, model=-1.276e-10, user=0.004506
Line 38 variable 10 differs, model=3.917e-10, user=-0.01432
Line 38 variable 11 differs, model=-2.595e-08, user=1
Line 38 variable 12 differs, model=-4.12e-09, user=-0
Line 38 variable 13 differs, model=4.331e-14, user=50
Line 38 variable 14 differs, model=314.9, user=317.7
Line 38 variable 15 differs, model=4.331e-14, user=50
Line 38 variable 16 differs, model=314.9, user=317.7
Line 38 variable 17 differs, model=8.674e-18, user=0.01126
Line 38 variable 18 differs, model=0.07743, user=0.07159
Line 38 variable 19 differs, model=8.487e-18, user=0.01126
Error found in line 38 from character 15
L1=< 7.143e+06,  4.877e+00,  7.743e-01, -6.380e-09,  1.959e-08, -6.541e-10,  4.120e-09,  2.459e-03, -1.549e-02, -1.276e-10,  3.917e-10, -2.595e-08, -4.120e-09,  4.331e-14,  3.149e+02,  4.331e-14,  3.149e+02,  8.674e-18,  7.743e-02,  8.487e-18, -3.852e-34,>
-------------------^
L2=< 7.143e+06,  4.775e+00,  7.159e-01,  2.253e-01, -7.159e-01,  2.416e-02, -1.536e-01,  4.506e-03, -1.432e-02,  4.506e-03, -1.432e-02,  1.000e+00, -0.000e+00,  5.000e+01,  3.177e+02,  5.000e+01,  3.177e+02,  1.126e-02,  7.159e-02,  1.126e-02, -1.735e-18,>
-------------------^
Line 39 variable 1 differs, model=4.884, user=4.786
Line 39 variable 2 differs, model=0.7534, user=0.6994
Line 39 variable 3 differs, model=-5.097e-09, user=0.214
Line 39 variable 4 differs, model=1.613e-08, user=-0.6994
Line 39 variable 5 differs, model=-5.219e-10, user=0.02287
Line 39 variable 6 differs, model=3.383e-09, user=-0.1495
Line 39 variable 7 differs, model=0.002325, user=0.00428
Line 39 variable 8 differs, model=-0.01507, user=-0.01399
Line 39 variable 9 differs, model=-1.019e-10, user=0.00428
Line 39 variable 10 differs, model=3.225e-10, user=-0.01399
Line 39 variable 11 differs, model=-2.193e-08, user=1
Line 39 variable 12 differs, model=-3.383e-09, user=-0
Line 39 variable 13 differs, model=2.091e-14, user=50
Line 39 variable 14 differs, model=324.1, user=326.8
Line 39 variable 15 differs, model=2.091e-14, user=50
Line 39 variable 16 differs, model=324.1, user=326.8
Line 39 variable 17 differs, model=5.204e-18, user=0.0107
Line 39 variable 18 differs, model=0.07534, user=0.06994
Line 39 variable 19 differs, model=5.721e-18, user=0.0107
Error found in line 39 from character 15
L1=< 7.347e+06,  4.884e+00,  7.534e-01, -5.097e-09,  1.613e-08, -5.219e-10,  3.383e-09,  2.325e-03, -1.507e-02, -1.019e-10,  3.225e-10, -2.193e-08, -3.383e-09,  2.091e-14,  3.241e+02,  2.091e-14,  3.241e+02,  5.204e-18,  7.534e-02,  5.721e-18, -1.926e-34,>
-------------------^
L2=< 7.347e+06,  4.786e+00,  6.994e-01,  2.140e-01, -6.994e-01,  2.287e-02, -1.495e-01,  4.280e-03, -1.399e-02,  4.280e-03, -1.399e-02,  1.000e+00, -0.000e+00,  5.000e+01,  3.268e+02,  5.000e+01,  3.268e+02,  1.070e-02,  6.994e-02,  1.070e-02,  3.469e-18,>
-------------------^
Line 40 variable 1 differs, model=4.89, user=4.796
Line 40 variable 2 differs, model=0.7337, user=0.6837
Line 40 variable 3 differs, model=-4.097e-09, user=0.2035
Line 40 variable 4 differs, model=1.335e-08, user=-0.6837
Line 40 variable 5 differs, model=-4.19e-10, user=0.02168
Line 40 variable 6 differs, model=2.792e-09, user=-0.1456
Line 40 variable 7 differs, model=0.002202, user=0.004071
Line 40 variable 8 differs, model=-0.01467, user=-0.01367
Line 40 variable 9 differs, model=-8.195e-11, user=0.004071
Line 40 variable 10 differs, model=2.669e-10, user=-0.01367
Line 40 variable 11 differs, model=-1.861e-08, user=1
Line 40 variable 12 differs, model=-2.792e-09, user=-0
Line 40 variable 13 differs, model=1.775e-14, user=50
Line 40 variable 14 differs, model=333.2, user=335.9
Line 40 variable 15 differs, model=8.874e-15, user=50
Line 40 variable 16 differs, model=333.2, user=335.9
Line 40 variable 17 differs, model=1.735e-18, user=0.01018
Line 40 variable 18 differs, model=0.07337, user=0.06837
Line 40 variable 19 differs, model=3.899e-18, user=0.01018
Error found in line 40 from character 15
L1=< 7.551e+06,  4.890e+00,  7.337e-01, -4.097e-09,  1.335e-08, -4.190e-10,  2.792e-09,  2.202e-03, -1.467e-02, -8.195e-11,  2.669e-10, -1.861e-08, -2.792e-09,  1.775e-14,  3.332e+02,  8.874e-15,  3.332e+02,  1.735e-18,  7.337e-02,  3.899e-18,  0.000e+00,>
-------------------^
L2=< 7.551e+06,  4.796e+00,  6.837e-01,  2.035e-01, -6.837e-01,  2.168e-02, -1.456e-01,  4.071e-03, -1.367e-02,  4.071e-03, -1.367e-02,  1.000e+00, -0.000e+00,  5.000e+01,  3.359e+02,  5.000e+01,  3.359e+02,  1.018e-02,  6.837e-02,  1.018e-02,  1.995e-17,>
-------------------^
Line 41 variable 1 differs, model=4.896, user=4.806
Line 41 variable 2 differs, model=0.7149, user=0.6685
Line 41 variable 3 differs, model=-3.313e-09, user=0.1938
Line 41 variable 4 differs, model=1.11e-08, user=-0.6685
Line 41 variable 5 differs, model=-3.383e-10, user=0.02057
Line 41 variable 6 differs, model=2.317e-09, user=-0.142
Line 41 variable 7 differs, model=0.002088, user=0.003876
Line 41 variable 8 differs, model=-0.0143, user=-0.01337
Line 41 variable 9 differs, model=-6.625e-11, user=0.003876
Line 41 variable 10 differs, model=2.22e-10, user=-0.01337
Line 41 variable 11 differs, model=-1.587e-08, user=1
Line 41 variable 12 differs, model=-2.317e-09, user=2.992e-17
Line 41 variable 13 differs, model=7.565e-15, user=50
Line 41 variable 14 differs, model=342.4, user=345
Line 41 variable 15 differs, model=7.565e-15, user=50
Line 41 variable 16 differs, model=342.4, user=345
Line 41 variable 17 differs, model=0, user=0.009689
Line 41 variable 18 differs, model=0.07149, user=0.06685
Line 41 variable 19 differs, model=2.684e-18, user=0.009689
Error found in line 41 from character 16
L1=< 7.755e+06,  4.896e+00,  7.149e-01, -3.313e-09,  1.110e-08, -3.383e-10,  2.317e-09,  2.088e-03, -1.430e-02, -6.625e-11,  2.220e-10, -1.587e-08, -2.317e-09,  7.565e-15,  3.424e+02,  7.565e-15,  3.424e+02,  0.000e+00,  7.149e-02,  2.684e-18,  0.000e+00,>
--------------------^
L2=< 7.755e+06,  4.806e+00,  6.685e-01,  1.938e-01, -6.685e-01,  2.057e-02, -1.420e-01,  3.876e-03, -1.337e-02,  3.876e-03, -1.337e-02,  1.000e+00,  2.992e-17,  5.000e+01,  3.450e+02,  5.000e+01,  3.450e+02,  9.689e-03,  6.685e-02,  9.689e-03, -1.301e-18,>
--------------------^
Line 42 variable 1 differs, model=4.901, user=4.815
Line 42 variable 2 differs, model=0.6971, user=0.6539
Line 42 variable 3 differs, model=-2.693e-09, user=0.1847
Line 42 variable 4 differs, model=9.275e-09, user=-0.6539
Line 42 variable 5 differs, model=-2.747e-10, user=0.01955
Line 42 variable 6 differs, model=1.932e-09, user=-0.1385
Line 42 variable 7 differs, model=0.001983, user=0.003694
Line 42 variable 8 differs, model=-0.01394, user=-0.01308
Line 42 variable 9 differs, model=-5.386e-11, user=0.003694
Line 42 variable 10 differs, model=1.855e-10, user=-0.01308
Line 42 variable 11 differs, model=-1.358e-08, user=1
Line 42 variable 12 differs, model=-1.932e-09, user=-3.071e-17
Line 42 variable 13 differs, model=1.295e-14, user=50
Line 42 variable 14 differs, model=351.5, user=354.1
Line 42 variable 15 differs, model=1.295e-14, user=50
Line 42 variable 16 differs, model=351.5, user=354.1
Line 42 variable 17 differs, model=3.469e-18, user=0.009235
Line 42 variable 18 differs, model=0.06971, user=0.06539
Line 42 variable 19 differs, model=1.866e-18, user=0.009235
Error found in line 42 from character 15
L1=< 7.959e+06,  4.901e+00,  6.971e-01, -2.693e-09,  9.275e-09, -2.747e-10,  1.932e-09,  1.983e-03, -1.394e-02, -5.386e-11,  1.855e-10, -1.358e-08, -1.932e-09,  1.295e-14,  3.515e+02,  1.295e-14,  3.515e+02,  3.469e-18,  6.971e-02,  1.866e-18,  0.000e+00,>
-------------------^
L2=< 7.959e+06,  4.815e+00,  6.539e-01,  1.847e-01, -6.539e-01,  1.955e-02, -1.385e-01,  3.694e-03, -1.308e-02,  3.694e-03, -1.308e-02,  1.000e+00, -3.071e-17,  5.000e+01,  3.541e+02,  5.000e+01,  3.541e+02,  9.235e-03,  6.539e-02,  9.235e-03,  3.469e-18,>
-------------------^
Line 43 variable 1 differs, model=4.906, user=4.824
Line 43 variable 2 differs, model=0.6801, user=0.6399
Line 43 variable 3 differs, model=-2.201e-09, user=0.1762
Line 43 variable 4 differs, model=7.785e-09, user=-0.6399
Line 43 variable 5 differs, model=-2.243e-10, user=0.0186
Line 43 variable 6 differs, model=1.618e-09, user=-0.1351
Line 43 variable 7 differs, model=0.001885, user=0.003524
Line 43 variable 8 differs, model=-0.0136, user=-0.0128
Line 43 variable 9 differs, model=-4.401e-11, user=0.003524
Line 43 variable 10 differs, model=1.557e-10, user=-0.0128
Line 43 variable 11 differs, model=-1.167e-08, user=1
Line 43 variable 12 differs, model=-1.618e-09, user=-0
Line 43 variable 13 differs, model=1.113e-14, user=50
Line 43 variable 14 differs, model=360.7, user=363.1
Line 43 variable 15 differs, model=1.113e-14, user=50
Line 43 variable 16 differs, model=360.7, user=363.1
Line 43 variable 17 differs, model=0, user=0.008811
Line 43 variable 18 differs, model=0.06801, user=0.06399
Line 43 variable 19 differs, model=1.309e-18, user=0.008811
Error found in line 43 from character 15
L1=< 8.163e+06,  4.906e+00,  6.801e-01, -2.201e-09,  7.785e-09, -2.243e-10,  1.618e-09,  1.885e-03, -1.360e-02, -4.401e-11,  1.557e-10, -1.167e-08, -1.618e-09,  1.113e-14,  3.607e+02,  1.113e-14,  3.607e+02,  0.000e+00,  6.801e-02,  1.309e-18,  4.815e-35,>
-------------------^
L2=< 8.163e+06,  4.824e+00,  6.399e-01,  1.762e-01, -6.399e-01,  1.860e-02, -1.351e-01,  3.524e-03, -1.280e-02,  3.524e-03, -1.280e-02,  1.000e+00, -0.000e+00,  5.000e+01,  3.631e+02,  5.000e+01,  3.631e+02,  8.811e-03,  6.399e-02,  8.811e-03, -6.939e-18,>
-------------------^
Line 44 variable 1 differs, model=4.91, user=4.832
Line 44 variable 2 differs, model=0.6639, user=0.6264
Line 44 variable 3 differs, model=-1.807e-09, user=0.1683
Line 44 variable 4 differs, model=6.561e-09, user=-0.6264
Line 44 variable 5 differs, model=-1.84e-10, user=0.01772
Line 44 variable 6 differs, model=1.361e-09, user=-0.1319
Line 44 variable 7 differs, model=0.001795, user=0.003366
Line 44 variable 8 differs, model=-0.01328, user=-0.01253
Line 44 variable 9 differs, model=-3.614e-11, user=0.003366
Line 44 variable 10 differs, model=1.312e-10, user=-0.01253
Line 44 variable 11 differs, model=-1.007e-08, user=1
Line 44 variable 12 differs, model=-1.361e-09, user=3.229e-17
Line 44 variable 13 differs, model=-9.601e-15, user=50
Line 44 variable 14 differs, model=369.8, user=372.2
Line 44 variable 15 differs, model=0, user=50
Line 44 variable 16 differs, model=369.8, user=372.2
Line 44 variable 17 differs, model=-3.469e-18, user=0.008415
Line 44 variable 18 differs, model=0.06639, user=0.06264
Line 44 variable 19 differs, model=9.263e-19, user=0.008415
Error found in line 44 from character 15
L1=< 8.367e+06,  4.910e+00,  6.639e-01, -1.807e-09,  6.561e-09, -1.840e-10,  1.361e-09,  1.795e-03, -1.328e-02, -3.614e-11,  1.312e-10, -1.007e-08, -1.361e-09, -9.601e-15,  3.698e+02,  0.000e+00,  3.698e+02, -3.469e-18,  6.639e-02,  9.263e-19,  0.000e+00,>
-------------------^
L2=< 8.367e+06,  4.832e+00,  6.264e-01,  1.683e-01, -6.264e-01,  1.772e-02, -1.319e-01,  3.366e-03, -1.253e-02,  3.366e-03, -1.253e-02,  1.000e+00,  3.229e-17,  5.000e+01,  3.722e+02,  5.000e+01,  3.722e+02,  8.415e-03,  6.264e-02,  8.415e-03, -6.072e-18,>
-------------------^
Line 45 variable 1 differs, model=4.914, user=4.839
Line 45 variable 2 differs, model=0.6484, user=0.6135
Line 45 variable 3 differs, model=-1.491e-09, user=0.1609
Line 45 variable 4 differs, model=5.552e-09, user=-0.6135
Line 45 variable 5 differs, model=-1.517e-10, user=0.0169
Line 45 variable 6 differs, model=1.15e-09, user=-0.1289
Line 45 variable 7 differs, model=0.001711, user=0.003218
Line 45 variable 8 differs, model=-0.01297, user=-0.01227
Line 45 variable 9 differs, model=-2.982e-11, user=0.003218
Line 45 variable 10 differs, model=1.11e-10, user=-0.01227
Line 45 variable 11 differs, model=-8.715e-09, user=1
Line 45 variable 12 differs, model=-1.15e-09, user=-0
Line 45 variable 13 differs, model=8.311e-15, user=50
Line 45 variable 14 differs, model=379, user=381.3
Line 45 variable 15 differs, model=1.662e-14, user=50
Line 45 variable 16 differs, model=379, user=381.3
Line 45 variable 17 differs, model=0, user=0.008044
Line 45 variable 18 differs, model=0.06484, user=0.06135
Line 45 variable 19 differs, model=6.611e-19, user=0.008044
Error found in line 45 from character 15
L1=< 8.571e+06,  4.914e+00,  6.484e-01, -1.491e-09,  5.552e-09, -1.517e-10,  1.150e-09,  1.711e-03, -1.297e-02, -2.982e-11,  1.110e-10, -8.715e-09, -1.150e-09,  8.311e-15,  3.790e+02,  1.662e-14,  3.790e+02,  0.000e+00,  6.484e-02,  6.611e-19, -7.222e-35,>
-------------------^
L2=< 8.571e+06,  4.839e+00,  6.135e-01,  1.609e-01, -6.135e-01,  1.690e-02, -1.289e-01,  3.218e-03, -1.227e-02,  3.218e-03, -1.227e-02,  1.000e+00, -0.000e+00,  5.000e+01,  3.813e+02,  5.000e+01,  3.813e+02,  8.044e-03,  6.135e-02,  8.044e-03,  1.128e-17,>
-------------------^
Line 46 variable 1 differs, model=4.918, user=4.846
Line 46 variable 2 differs, model=0.6337, user=0.601
Line 46 variable 3 differs, model=-1.236e-09, user=0.1539
Line 46 variable 4 differs, model=4.717e-09, user=-0.601
Line 46 variable 5 differs, model=-1.256e-10, user=0.01614
Line 46 variable 6 differs, model=9.752e-10, user=-0.126
Line 46 variable 7 differs, model=0.001633, user=0.003079
Line 46 variable 8 differs, model=-0.01267, user=-0.01202
Line 46 variable 9 differs, model=-2.472e-11, user=0.003079
Line 46 variable 10 differs, model=9.434e-11, user=-0.01202
Line 46 variable 11 differs, model=-7.57e-09, user=1
Line 46 variable 12 differs, model=-9.752e-10, user=-3.386e-17
Line 46 variable 13 differs, model=7.219e-15, user=50
Line 46 variable 14 differs, model=388.1, user=390.4
Line 46 variable 15 differs, model=7.219e-15, user=50
Line 46 variable 16 differs, model=388.1, user=390.4
Line 46 variable 17 differs, model=0, user=0.007697
Line 46 variable 18 differs, model=0.06337, user=0.0601
Line 46 variable 19 differs, model=4.755e-19, user=0.007697
Error found in line 46 from character 15
L1=< 8.776e+06,  4.918e+00,  6.337e-01, -1.236e-09,  4.717e-09, -1.256e-10,  9.752e-10,  1.633e-03, -1.267e-02, -2.472e-11,  9.434e-11, -7.570e-09, -9.752e-10,  7.219e-15,  3.881e+02,  7.219e-15,  3.881e+02,  0.000e+00,  6.337e-02,  4.755e-19,  4.815e-35,>
-------------------^
L2=< 8.776e+06,  4.846e+00,  6.010e-01,  1.539e-01, -6.010e-01,  1.614e-02, -1.260e-01,  3.079e-03, -1.202e-02,  3.079e-03, -1.202e-02,  1.000e+00, -3.386e-17,  5.000e+01,  3.904e+02,  5.000e+01,  3.904e+02,  7.697e-03,  6.010e-02,  7.697e-03, -8.674e-19,>
-------------------^
Line 47 variable 1 differs, model=4.922, user=4.853
Line 47 variable 2 differs, model=0.6196, user=0.5889
Line 47 variable 3 differs, model=-1.029e-09, user=0.1474
Line 47 variable 4 differs, model=4.022e-09, user=-0.5889
Line 47 variable 5 differs, model=-1.045e-10, user=0.01543
Line 47 variable 6 differs, model=8.303e-10, user=-0.1232
Line 47 variable 7 differs, model=0.00156, user=0.002949
Line 47 variable 8 differs, model=-0.01239, user=-0.01178
Line 47 variable 9 differs, model=-2.058e-11, user=0.002949
Line 47 variable 10 differs, model=8.044e-11, user=-0.01178
Line 47 variable 11 differs, model=-6.596e-09, user=1
Line 47 variable 12 differs, model=-8.303e-10, user=-3.465e-17
Line 47 variable 13 differs, model=0, user=50
Line 47 variable 14 differs, model=397.2, user=399.5
Line 47 variable 15 differs, model=6.29e-15, user=50
Line 47 variable 16 differs, model=397.2, user=399.5
Line 47 variable 17 differs, model=8.674e-19, user=0.007372
Line 47 variable 18 differs, model=0.06196, user=0.05889
Line 47 variable 19 differs, model=3.447e-19, user=0.007372
Error found in line 47 from character 15
L1=< 8.980e+06,  4.922e+00,  6.196e-01, -1.029e-09,  4.022e-09, -1.045e-10,  8.303e-10,  1.560e-03, -1.239e-02, -2.058e-11,  8.044e-11, -6.596e-09, -8.303e-10,  0.000e+00,  3.972e+02,  6.290e-15,  3.972e+02,  8.674e-19,  6.196e-02,  3.447e-19, -1.204e-35,>
-------------------^
L2=< 8.980e+06,  4.853e+00,  5.889e-01,  1.474e-01, -5.889e-01,  1.543e-02, -1.232e-01,  2.949e-03, -1.178e-02,  2.949e-03, -1.178e-02,  1.000e+00, -3.465e-17,  5.000e+01,  3.995e+02,  5.000e+01,  3.995e+02,  7.372e-03,  5.889e-02,  7.372e-03, -3.253e-18,>
-------------------^
Line 48 variable 1 differs, model=4.925, user=4.859
Line 48 variable 2 differs, model=0.6061, user=0.5773
Line 48 variable 3 differs, model=-8.599e-10, user=0.1413
Line 48 variable 4 differs, model=3.441e-09, user=-0.5773
Line 48 variable 5 differs, model=-8.729e-11, user=0.01476
Line 48 variable 6 differs, model=7.094e-10, user=-0.1206
Line 48 variable 7 differs, model=0.001491, user=0.002826
Line 48 variable 8 differs, model=-0.01212, user=-0.01155
Line 48 variable 9 differs, model=-1.72e-11, user=0.002826
Line 48 variable 10 differs, model=6.882e-11, user=-0.01155
Line 48 variable 11 differs, model=-5.765e-09, user=1
Line 48 variable 12 differs, model=-7.094e-10, user=-0
Line 48 variable 13 differs, model=0, user=50
Line 48 variable 14 differs, model=406.3, user=408.5
Line 48 variable 15 differs, model=0, user=50
Line 48 variable 16 differs, model=406.3, user=408.5
Line 48 variable 17 differs, model=0, user=0.007066
Line 48 variable 18 differs, model=0.06061, user=0.05773
Line 48 variable 19 differs, model=2.516e-19, user=0.007066
Error found in line 48 from character 15
L1=< 9.184e+06,  4.925e+00,  6.061e-01, -8.599e-10,  3.441e-09, -8.729e-11,  7.094e-10,  1.491e-03, -1.212e-02, -1.720e-11,  6.882e-11, -5.765e-09, -7.094e-10,  0.000e+00,  4.063e+02,  0.000e+00,  4.063e+02,  0.000e+00,  6.061e-02,  2.516e-19,  1.204e-35,>
-------------------^
L2=< 9.184e+06,  4.859e+00,  5.773e-01,  1.413e-01, -5.773e-01,  1.476e-02, -1.206e-01,  2.826e-03, -1.155e-02,  2.826e-03, -1.155e-02,  1.000e+00, -0.000e+00,  5.000e+01,  4.085e+02,  5.000e+01,  4.085e+02,  7.066e-03,  5.773e-02,  7.066e-03, -2.168e-18,>
-------------------^
Line 49 variable 1 differs, model=4.929, user=4.864
Line 49 variable 2 differs, model=0.5931, user=0.5662
Line 49 variable 3 differs, model=-7.215e-10, user=0.1356
Line 49 variable 4 differs, model=2.954e-09, user=-0.5662
Line 49 variable 5 differs, model=-7.32e-11, user=0.01413
Line 49 variable 6 differs, model=6.082e-10, user=-0.118
Line 49 variable 7 differs, model=0.001428, user=0.002711
Line 49 variable 8 differs, model=-0.01186, user=-0.01132
Line 49 variable 9 differs, model=-1.443e-11, user=0.002711
Line 49 variable 10 differs, model=5.909e-11, user=-0.01132
Line 49 variable 11 differs, model=-5.054e-09, user=1
Line 49 variable 12 differs, model=-6.082e-10, user=-0
Line 49 variable 13 differs, model=0, user=50
Line 49 variable 14 differs, model=415.5, user=417.6
Line 49 variable 15 differs, model=0, user=50
Line 49 variable 16 differs, model=415.5, user=417.6
Line 49 variable 17 differs, model=0, user=0.006779
Line 49 variable 18 differs, model=0.05931, user=0.05662
Line 49 variable 19 differs, model=1.85e-19, user=0.006779
Error found in line 49 from character 15
L1=< 9.388e+06,  4.929e+00,  5.931e-01, -7.215e-10,  2.954e-09, -7.320e-11,  6.082e-10,  1.428e-03, -1.186e-02, -1.443e-11,  5.909e-11, -5.054e-09, -6.082e-10,  0.000e+00,  4.155e+02,  0.000e+00,  4.155e+02,  0.000e+00,  5.931e-02,  1.850e-19, -1.806e-35,>
-------------------^
L2=< 9.388e+06,  4.864e+00,  5.662e-01,  1.356e-01, -5.662e-01,  1.413e-02, -1.180e-01,  2.711e-03, -1.132e-02,  2.711e-03, -1.132e-02,  1.000e+00, -0.000e+00,  5.000e+01,  4.176e+02,  5.000e+01,  4.176e+02,  6.779e-03,  5.662e-02,  6.779e-03,  1.518e-18,>
-------------------^
Line 50 variable 1 differs, model=4.932, user=4.87
Line 50 variable 2 differs, model=0.5807, user=0.5554
Line 50 variable 3 differs, model=-6.077e-10, user=0.1302
Line 50 variable 4 differs, model=2.545e-09, user=-0.5554
Line 50 variable 5 differs, model=-6.162e-11, user=0.01355
Line 50 variable 6 differs, model=5.232e-10, user=-0.1156
Line 50 variable 7 differs, model=0.001368, user=0.002603
Line 50 variable 8 differs, model=-0.01161, user=-0.01111
Line 50 variable 9 differs, model=-1.215e-11, user=0.002603
Line 50 variable 10 differs, model=5.089e-11, user=-0.01111
Line 50 variable 11 differs, model=-4.443e-09, user=1
Line 50 variable 12 differs, model=-5.232e-10, user=-0
Line 50 variable 13 differs, model=8.475e-15, user=50
Line 50 variable 14 differs, model=424.6, user=426.7
Line 50 variable 15 differs, model=8.475e-15, user=50
Line 50 variable 16 differs, model=424.6, user=426.7
Line 50 variable 17 differs, model=8.674e-19, user=0.006508
Line 50 variable 18 differs, model=0.05807, user=0.05554
Line 50 variable 19 differs, model=1.369e-19, user=0.006508
Error found in line 50 from character 15
L1=< 9.592e+06,  4.932e+00,  5.807e-01, -6.077e-10,  2.545e-09, -6.162e-11,  5.232e-10,  1.368e-03, -1.161e-02, -1.215e-11,  5.089e-11, -4.443e-09, -5.232e-10,  8.475e-15,  4.246e+02,  8.475e-15,  4.246e+02,  8.674e-19,  5.807e-02,  1.369e-19,  6.019e-36,>
-------------------^
L2=< 9.592e+06,  4.870e+00,  5.554e-01,  1.302e-01, -5.554e-01,  1.355e-02, -1.156e-01,  2.603e-03, -1.111e-02,  2.603e-03, -1.111e-02,  1.000e+00, -0.000e+00,  5.000e+01,  4.267e+02,  5.000e+01,  4.267e+02,  6.508e-03,  5.554e-02,  6.508e-03,  5.855e-18,>
-------------------^
Line 51 variable 1 differs, model=4.934, user=4.875
Line 51 variable 2 differs, model=0.5688, user=0.545
Line 51 variable 3 differs, model=-5.137e-10, user=0.1251
Line 51 variable 4 differs, model=2.198e-09, user=-0.545
Line 51 variable 5 differs, model=-5.205e-11, user=0.01299
Line 51 variable 6 differs, model=4.515e-10, user=-0.1132
Line 51 variable 7 differs, model=0.001312, user=0.002501
Line 51 variable 8 differs, model=-0.01138, user=-0.0109
Line 51 variable 9 differs, model=-1.027e-11, user=0.002501
Line 51 variable 10 differs, model=4.397e-11, user=-0.0109
Line 51 variable 11 differs, model=-3.917e-09, user=1
Line 51 variable 12 differs, model=-4.515e-10, user=-0
Line 51 variable 13 differs, model=-7.471e-15, user=50
Line 51 variable 14 differs, model=433.7, user=435.8
Line 51 variable 15 differs, model=-7.471e-15, user=50
Line 51 variable 16 differs, model=433.7, user=435.8
Line 51 variable 17 differs, model=-1.735e-18, user=0.006253
Line 51 variable 18 differs, model=0.05688, user=0.0545
Line 51 variable 19 differs, model=1.019e-19, user=0.006253
Error found in line 51 from character 15
L1=< 9.796e+06,  4.934e+00,  5.688e-01, -5.137e-10,  2.198e-09, -5.205e-11,  4.515e-10,  1.312e-03, -1.138e-02, -1.027e-11,  4.397e-11, -3.917e-09, -4.515e-10, -7.471e-15,  4.337e+02, -7.471e-15,  4.337e+02, -1.735e-18,  5.688e-02,  1.019e-19,  3.009e-36,>
-------------------^
L2=< 9.796e+06,  4.875e+00,  5.450e-01,  1.251e-01, -5.450e-01,  1.299e-02, -1.132e-01,  2.501e-03, -1.090e-02,  2.501e-03, -1.090e-02,  1.000e+00, -0.000e+00,  5.000e+01,  4.358e+02,  5.000e+01,  4.358e+02,  6.253e-03,  5.450e-02,  6.253e-03,  5.421e-18,>
-------------------^
Line 52 variable 1 differs, model=4.937, user=4.88
Line 52 variable 2 differs, model=0.5574, user=0.535
Line 52 variable 3 differs, model=-4.357e-10, user=0.1203
Line 52 variable 4 differs, model=1.905e-09, user=-0.535
Line 52 variable 5 differs, model=-4.413e-11, user=0.01248
Line 52 variable 6 differs, model=3.909e-10, user=-0.111
Line 52 variable 7 differs, model=0.001259, user=0.002405
Line 52 variable 8 differs, model=-0.01115, user=-0.0107
Line 52 variable 9 differs, model=-8.715e-12, user=0.002405
Line 52 variable 10 differs, model=3.81e-11, user=-0.0107
Line 52 variable 11 differs, model=-3.462e-09, user=1
Line 52 variable 12 differs, model=-3.909e-10, user=-0
Line 52 variable 13 differs, model=0, user=50
Line 52 variable 14 differs, model=442.8, user=444.8
Line 52 variable 15 differs, model=0, user=50
Line 52 variable 16 differs, model=442.8, user=444.8
Line 52 variable 17 differs, model=-8.674e-19, user=0.006013
Line 52 variable 18 differs, model=0.05574, user=0.0535
Line 52 variable 19 differs, model=7.638e-20, user=0.006013
Error found in line 52 from character 15
L1=< 1.000e+07,  4.937e+00,  5.574e-01, -4.357e-10,  1.905e-09, -4.413e-11,  3.909e-10,  1.259e-03, -1.115e-02, -8.715e-12,  3.810e-11, -3.462e-09, -3.909e-10,  0.000e+00,  4.428e+02,  0.000e+00,  4.428e+02, -8.674e-19,  5.574e-02,  7.638e-20,  3.009e-36,>
-------------------^
L2=< 1.000e+07,  4.880e+00,  5.350e-01,  1.203e-01, -5.350e-01,  1.248e-02, -1.110e-01,  2.405e-03, -1.070e-02,  2.405e-03, -1.070e-02,  1.000e+00, -0.000e+00,  5.000e+01,  4.448e+02,  5.000e+01,  4.448e+02,  6.013e-03,  5.350e-02,  6.013e-03, -5.638e-18,>
-------------------^
